<!DOCTYPE html PUBLIC "-//W3C//DTD XHTML 1.1//EN" "http://www.w3.org/TR/xhtml11/DTD/xhtml11.dtd">
<html xmlns="http://www.w3.org/1999/xhtml"><head><title>TestNG Report</title><style type="text/css">table {margin-bottom:10px;border-collapse:collapse;empty-cells:show}th,td {border:1px solid #009;padding:.25em .5em}th {vertical-align:bottom}td {vertical-align:top}table a {font-weight:bold}.stripe td {background-color: #E6EBF9}.num {text-align:right}.passedodd td {background-color: #3F3}.passedeven td {background-color: #0A0}.skippedodd td {background-color: #DDD}.skippedeven td {background-color: #CCC}.failedodd td,.attn {background-color: #F33}.failedeven td,.stripe .attn {background-color: #D00}.stacktrace {white-space:pre;font-family:monospace}.totop {font-size:85%;text-align:center;border-bottom:2px solid #000}</style></head><body><table><tr><th>Test</th><th># Passed</th><th># Skipped</th><th># Failed</th><th>Time (ms)</th><th>Included Groups</th><th>Excluded Groups</th></tr><tr><th colspan="7">Raptor vSoft Regression Test Suite</th></tr><tr><td><a href="#t0">Visitor Sign In Test</a></td><td class="num">2</td><td class="num">0</td><td class="num">0</td><td class="num">146,258</td><td></td><td></td></tr><tr class="stripe"><td><a href="#t1">View Visitor Test</a></td><td class="num">0</td><td class="num attn">1</td><td class="num">0</td><td class="num">30,233</td><td></td><td></td></tr><tr><td><a href="#t2">Search Visitor Test</a></td><td class="num">0</td><td class="num attn">2</td><td class="num">0</td><td class="num">30,224</td><td></td><td></td></tr><tr class="stripe"><td><a href="#t3">Visitor Reports Test</a></td><td class="num">0</td><td class="num attn">2</td><td class="num">0</td><td class="num">30,156</td><td></td><td></td></tr><tr><td><a href="#t4">Sign In Student Test</a></td><td class="num">0</td><td class="num attn">3</td><td class="num">0</td><td class="num">30,288</td><td></td><td></td></tr><tr class="stripe"><td><a href="#t5">Sign Out Student Test</a></td><td class="num">0</td><td class="num attn">1</td><td class="num">0</td><td class="num">30,233</td><td></td><td></td></tr><tr><td><a href="#t6">Search Student Test</a></td><td class="num">0</td><td class="num attn">2</td><td class="num">0</td><td class="num">30,191</td><td></td><td></td></tr><tr class="stripe"><td><a href="#t7">Student Reports Test</a></td><td class="num">0</td><td class="num attn">1</td><td class="num">0</td><td class="num">30,129</td><td></td><td></td></tr><tr><td><a href="#t8">Faculty Sign In Test</a></td><td class="num">0</td><td class="num attn">2</td><td class="num">0</td><td class="num">30,178</td><td></td><td></td></tr><tr class="stripe"><td><a href="#t9">Faculty Sign Out Test</a></td><td class="num">0</td><td class="num attn">2</td><td class="num">0</td><td class="num">30,164</td><td></td><td></td></tr><tr><td><a href="#t10">Search Faculty Test</a></td><td class="num">0</td><td class="num attn">2</td><td class="num">0</td><td class="num">30,160</td><td></td><td></td></tr><tr class="stripe"><td><a href="#t11">Faculty Reports Test</a></td><td class="num">0</td><td class="num attn">1</td><td class="num">0</td><td class="num">30,142</td><td></td><td></td></tr><tr><td><a href="#t12">Sign In Volunteer Test</a></td><td class="num">0</td><td class="num attn">2</td><td class="num">0</td><td class="num">30,199</td><td></td><td></td></tr><tr class="stripe"><td><a href="#t13">Create Volunteer Test</a></td><td class="num">0</td><td class="num attn">1</td><td class="num">0</td><td class="num">30,200</td><td></td><td></td></tr><tr><td><a href="#t14">View Volunteer Test</a></td><td class="num">0</td><td class="num attn">2</td><td class="num">0</td><td class="num">30,232</td><td></td><td></td></tr><tr class="stripe"><td><a href="#t15">Search Volunteer Test</a></td><td class="num">0</td><td class="num attn">2</td><td class="num">0</td><td class="num">30,174</td><td></td><td></td></tr><tr><td><a href="#t16">Volunteer Reports Test</a></td><td class="num">0</td><td class="num attn">3</td><td class="num">0</td><td class="num">30,133</td><td></td><td></td></tr><tr><th>Total</th><th class="num">2</th><th class="num attn">29</th><th class="num">0</th><th class="num">629,294</th><th colspan="2"></th></tr></table><table><thead><tr><th>Class</th><th>Method</th><th>Start</th><th>Time (ms)</th></tr></thead><tbody><tr><th colspan="4">Raptor vSoft Regression Test Suite</th></tr></tbody><tbody id="t0"><tr><th colspan="4">Visitor Sign In Test &#8212; failed (configuration methods)</th></tr><tr class="failedeven"><td rowspan="1">com.raptor.testcases.Visitor_SignIn_Test</td><td><a href="#m0">logOut</a></td><td rowspan="1">1494924025827</td><td rowspan="1">0</td></tr><tr><th colspan="4">Visitor Sign In Test &#8212; passed</th></tr><tr class="passedeven"><td rowspan="2">com.raptor.testcases.Visitor_SignIn_Test</td><td><a href="#m1">signInVisitorByQuickFind</a></td><td rowspan="1">1494924007275</td><td rowspan="1">18548</td></tr><tr class="passedeven"><td><a href="#m2">signInVisitorManually</a></td><td rowspan="1">1494923928529</td><td rowspan="1">78742</td></tr></tbody><tbody id="t1"><tr><th colspan="4">View Visitor Test &#8212; failed (configuration methods)</th></tr><tr class="failedeven"><td rowspan="2">com.raptor.testcases.View_Visitor_Test</td><td><a href="#m3">logOut</a></td><td rowspan="1">1494924056088</td><td rowspan="1">0</td></tr><tr class="failedeven"><td><a href="#m4">login</a></td><td rowspan="1">1494924025970</td><td rowspan="1">0</td></tr><tr><th colspan="4">View Visitor Test &#8212; skipped</th></tr><tr class="skippedeven"><td rowspan="1">com.raptor.testcases.View_Visitor_Test</td><td><a href="#m5">signOutVisitor</a></td><td rowspan="1">1494924056085</td><td rowspan="1">2</td></tr></tbody><tbody id="t2"><tr><th colspan="4">Search Visitor Test &#8212; failed (configuration methods)</th></tr><tr class="failedeven"><td rowspan="2">com.raptor.testcases.Search_Visitor_Test</td><td><a href="#m6">logOut</a></td><td rowspan="1">1494924086385</td><td rowspan="1">0</td></tr><tr class="failedeven"><td><a href="#m7">login</a></td><td rowspan="1">1494924056270</td><td rowspan="1">0</td></tr><tr><th colspan="4">Search Visitor Test &#8212; skipped</th></tr><tr class="skippedeven"><td rowspan="2">com.raptor.testcases.Search_Visitor_Test</td><td><a href="#m8">advancedSearch_Visitor</a></td><td rowspan="1">1494924086382</td><td rowspan="1">2</td></tr><tr class="skippedeven"><td><a href="#m9">basicSearch_Visitor</a></td><td rowspan="1">1494924086378</td><td rowspan="1">2</td></tr></tbody><tbody id="t3"><tr><th colspan="4">Visitor Reports Test &#8212; failed (configuration methods)</th></tr><tr class="failedeven"><td rowspan="2">com.raptor.testcases.VisitorReportTest</td><td><a href="#m10">logOut</a></td><td rowspan="1">1494924116574</td><td rowspan="1">0</td></tr><tr class="failedeven"><td><a href="#m11">login</a></td><td rowspan="1">1494924086526</td><td rowspan="1">0</td></tr><tr><th colspan="4">Visitor Reports Test &#8212; skipped</th></tr><tr class="skippedeven"><td rowspan="2">com.raptor.testcases.VisitorReportTest</td><td><a href="#m12">Report_SexOffenderLogged_Visitor</a></td><td rowspan="1">1494924116571</td><td rowspan="1">1</td></tr><tr class="skippedeven"><td><a href="#m13">Report_WhoIsInTheBuilding_Visitor</a></td><td rowspan="1">1494924116566</td><td rowspan="1">2</td></tr></tbody><tbody id="t4"><tr><th colspan="4">Sign In Student Test &#8212; failed (configuration methods)</th></tr><tr class="failedeven"><td rowspan="2">com.raptor.testcases.SignIn_StudentTest</td><td><a href="#m14">logOut</a></td><td rowspan="1">1494924146835</td><td rowspan="1">0</td></tr><tr class="failedeven"><td><a href="#m15">login</a></td><td rowspan="1">1494924116722</td><td rowspan="1">0</td></tr><tr><th colspan="4">Sign In Student Test &#8212; skipped</th></tr><tr class="skippedeven"><td rowspan="3">com.raptor.testcases.SignIn_StudentTest</td><td><a href="#m16">signInStudentByQuickFindTest</a></td><td rowspan="1">1494924146815</td><td rowspan="1">1</td></tr><tr class="skippedeven"><td><a href="#m17">signInStudentManuallyTest</a></td><td rowspan="1">1494924146825</td><td rowspan="1">1</td></tr><tr class="skippedeven"><td><a href="#m18">studentDelayedEntryManuallyTest</a></td><td rowspan="1">1494924146830</td><td rowspan="1">3</td></tr></tbody><tbody id="t5"><tr><th colspan="4">Sign Out Student Test &#8212; failed (configuration methods)</th></tr><tr class="failedeven"><td rowspan="2">com.raptor.testcases.SignOutStudentTest</td><td><a href="#m19">logOut</a></td><td rowspan="1">1494924177141</td><td rowspan="1">0</td></tr><tr class="failedeven"><td><a href="#m20">login</a></td><td rowspan="1">1494924147028</td><td rowspan="1">0</td></tr><tr><th colspan="4">Sign Out Student Test &#8212; skipped</th></tr><tr class="skippedeven"><td rowspan="1">com.raptor.testcases.SignOutStudentTest</td><td><a href="#m21">signOutStudentManuallyTest</a></td><td rowspan="1">1494924177139</td><td rowspan="1">1</td></tr></tbody><tbody id="t6"><tr><th colspan="4">Search Student Test &#8212; failed (configuration methods)</th></tr><tr class="failedeven"><td rowspan="2">com.raptor.testcases.Search_StudentTest</td><td><a href="#m22">logOut</a></td><td rowspan="1">1494924207417</td><td rowspan="1">0</td></tr><tr class="failedeven"><td><a href="#m23">login</a></td><td rowspan="1">1494924177332</td><td rowspan="1">0</td></tr><tr><th colspan="4">Search Student Test &#8212; skipped</th></tr><tr class="skippedeven"><td rowspan="2">com.raptor.testcases.Search_StudentTest</td><td><a href="#m24">advancedSearch_Student</a></td><td rowspan="1">1494924207416</td><td rowspan="1">1</td></tr><tr class="skippedeven"><td><a href="#m25">basicSearch_Student</a></td><td rowspan="1">1494924207413</td><td rowspan="1">1</td></tr></tbody><tbody id="t7"><tr><th colspan="4">Student Reports Test &#8212; failed (configuration methods)</th></tr><tr class="failedeven"><td rowspan="2">com.raptor.testcases.StudentReportTest</td><td><a href="#m26">logOut</a></td><td rowspan="1">1494924237551</td><td rowspan="1">0</td></tr><tr class="failedeven"><td><a href="#m27">login</a></td><td rowspan="1">1494924207532</td><td rowspan="1">0</td></tr><tr><th colspan="4">Student Reports Test &#8212; skipped</th></tr><tr class="skippedeven"><td rowspan="1">com.raptor.testcases.StudentReportTest</td><td><a href="#m28">getAvtiveStudentReportTest</a></td><td rowspan="1">1494924237550</td><td rowspan="1">0</td></tr></tbody><tbody id="t8"><tr><th colspan="4">Faculty Sign In Test &#8212; failed (configuration methods)</th></tr><tr class="failedeven"><td rowspan="2">com.raptor.testcases.SignInFacultyTest</td><td><a href="#m29">logOut</a></td><td rowspan="1">1494924267775</td><td rowspan="1">0</td></tr><tr class="failedeven"><td><a href="#m30">login</a></td><td rowspan="1">1494924237697</td><td rowspan="1">0</td></tr><tr><th colspan="4">Faculty Sign In Test &#8212; skipped</th></tr><tr class="skippedeven"><td rowspan="2">com.raptor.testcases.SignInFacultyTest</td><td><a href="#m31">facultyDelayedEntryTest</a></td><td rowspan="1">1494924267773</td><td rowspan="1">1</td></tr><tr class="skippedeven"><td><a href="#m32">signInFacultyTest</a></td><td rowspan="1">1494924267770</td><td rowspan="1">1</td></tr></tbody><tbody id="t9"><tr><th colspan="4">Faculty Sign Out Test &#8212; failed (configuration methods)</th></tr><tr class="failedeven"><td rowspan="2">com.raptor.testcases.ViewFacultyTest</td><td><a href="#m33">logOut</a></td><td rowspan="1">1494924297945</td><td rowspan="1">0</td></tr><tr class="failedeven"><td><a href="#m34">login</a></td><td rowspan="1">1494924267889</td><td rowspan="1">0</td></tr><tr><th colspan="4">Faculty Sign Out Test &#8212; skipped</th></tr><tr class="skippedeven"><td rowspan="2">com.raptor.testcases.ViewFacultyTest</td><td><a href="#m35">refreshViewVisitorPage</a></td><td rowspan="1">1494924297941</td><td rowspan="1">1</td></tr><tr class="skippedeven"><td><a href="#m36">signOutFacultyTest</a></td><td rowspan="1">1494924297944</td><td rowspan="1">0</td></tr></tbody><tbody id="t10"><tr><th colspan="4">Search Faculty Test &#8212; failed (configuration methods)</th></tr><tr class="failedeven"><td rowspan="2">com.raptor.testcases.SearchFacultyTest</td><td><a href="#m37">logOut</a></td><td rowspan="1">1494924328151</td><td rowspan="1">0</td></tr><tr class="failedeven"><td><a href="#m38">login</a></td><td rowspan="1">1494924298106</td><td rowspan="1">0</td></tr><tr><th colspan="4">Search Faculty Test &#8212; skipped</th></tr><tr class="skippedeven"><td rowspan="2">com.raptor.testcases.SearchFacultyTest</td><td><a href="#m39">advancedSearch_Faculty</a></td><td rowspan="1">1494924328150</td><td rowspan="1">1</td></tr><tr class="skippedeven"><td><a href="#m40">basicSearch_Faculty</a></td><td rowspan="1">1494924328146</td><td rowspan="1">1</td></tr></tbody><tbody id="t11"><tr><th colspan="4">Faculty Reports Test &#8212; failed (configuration methods)</th></tr><tr class="failedeven"><td rowspan="2">com.raptor.testcases.FacultyReportsTest</td><td><a href="#m41">logOut</a></td><td rowspan="1">1494924358313</td><td rowspan="1">0</td></tr><tr class="failedeven"><td><a href="#m42">login</a></td><td rowspan="1">1494924328274</td><td rowspan="1">0</td></tr><tr><th colspan="4">Faculty Reports Test &#8212; skipped</th></tr><tr class="skippedeven"><td rowspan="1">com.raptor.testcases.FacultyReportsTest</td><td><a href="#m43">FacultySignInByDateReportTest</a></td><td rowspan="1">1494924358311</td><td rowspan="1">1</td></tr></tbody><tbody id="t12"><tr><th colspan="4">Sign In Volunteer Test &#8212; failed (configuration methods)</th></tr><tr class="failedeven"><td rowspan="2">com.raptor.testcases.SignInVolunteerTest</td><td><a href="#m44">logOut</a></td><td rowspan="1">1494924388509</td><td rowspan="1">0</td></tr><tr class="failedeven"><td><a href="#m45">login</a></td><td rowspan="1">1494924358429</td><td rowspan="1">0</td></tr><tr><th colspan="4">Sign In Volunteer Test &#8212; skipped</th></tr><tr class="skippedeven"><td rowspan="2">com.raptor.testcases.SignInVolunteerTest</td><td><a href="#m46">signInVolunteerTest</a></td><td rowspan="1">1494924388502</td><td rowspan="1">1</td></tr><tr class="skippedeven"><td><a href="#m47">volunteerDelayedEntryTest</a></td><td rowspan="1">1494924388506</td><td rowspan="1">1</td></tr></tbody><tbody id="t13"><tr><th colspan="4">Create Volunteer Test &#8212; failed (configuration methods)</th></tr><tr class="failedeven"><td rowspan="2">com.raptor.testcases.CreateVolunteerTest</td><td><a href="#m48">logOut</a></td><td rowspan="1">1494924418769</td><td rowspan="1">0</td></tr><tr class="failedeven"><td><a href="#m49">login</a></td><td rowspan="1">1494924388667</td><td rowspan="1">0</td></tr><tr><th colspan="4">Create Volunteer Test &#8212; skipped</th></tr><tr class="skippedeven"><td rowspan="1">com.raptor.testcases.CreateVolunteerTest</td><td><a href="#m50">signInVolunteerTest</a></td><td rowspan="1">1494924418767</td><td rowspan="1">1</td></tr></tbody><tbody id="t14"><tr><th colspan="4">View Volunteer Test &#8212; failed (configuration methods)</th></tr><tr class="failedeven"><td rowspan="2">com.raptor.testcases.ViewVolunteerTest</td><td><a href="#m51">logOut</a></td><td rowspan="1">1494924449038</td><td rowspan="1">0</td></tr><tr class="failedeven"><td><a href="#m52">login</a></td><td rowspan="1">1494924418907</td><td rowspan="1">0</td></tr><tr><th colspan="4">View Volunteer Test &#8212; skipped</th></tr><tr class="skippedeven"><td rowspan="2">com.raptor.testcases.ViewVolunteerTest</td><td><a href="#m53">refreshViewVolunteerPage</a></td><td rowspan="1">1494924449035</td><td rowspan="1">0</td></tr><tr class="skippedeven"><td><a href="#m54">signOutVolunteerTest</a></td><td rowspan="1">1494924449036</td><td rowspan="1">1</td></tr></tbody><tbody id="t15"><tr><th colspan="4">Search Volunteer Test &#8212; failed (configuration methods)</th></tr><tr class="failedeven"><td rowspan="2">com.raptor.testcases.SearchVolunteerTest</td><td><a href="#m55">logOut</a></td><td rowspan="1">1494924479218</td><td rowspan="1">0</td></tr><tr class="failedeven"><td><a href="#m56">login</a></td><td rowspan="1">1494924449147</td><td rowspan="1">0</td></tr><tr><th colspan="4">Search Volunteer Test &#8212; skipped</th></tr><tr class="skippedeven"><td rowspan="2">com.raptor.testcases.SearchVolunteerTest</td><td><a href="#m57">advancedSearch_Student</a></td><td rowspan="1">1494924479217</td><td rowspan="1">1</td></tr><tr class="skippedeven"><td><a href="#m58">basicSearch_Student</a></td><td rowspan="1">1494924479216</td><td rowspan="1">0</td></tr></tbody><tbody id="t16"><tr><th colspan="4">Volunteer Reports Test &#8212; failed (configuration methods)</th></tr><tr class="failedeven"><td rowspan="2">com.raptor.testcases.VolunteerReportsTest</td><td><a href="#m59">logOut</a></td><td rowspan="1">1494924509364</td><td rowspan="1">0</td></tr><tr class="failedeven"><td><a href="#m60">login</a></td><td rowspan="1">1494924479330</td><td rowspan="1">0</td></tr><tr><th colspan="4">Volunteer Reports Test &#8212; skipped</th></tr><tr class="skippedeven"><td rowspan="3">com.raptor.testcases.VolunteerReportsTest</td><td><a href="#m61">Report_WhoIsInTheBuilding_Volunteer</a></td><td rowspan="1">1494924509360</td><td rowspan="1">0</td></tr><tr class="skippedeven"><td><a href="#m62">VolunteerSignInByDateReport</a></td><td rowspan="2">1494924509362</td><td rowspan="2">0</td></tr><tr class="skippedeven"><td><a href="#m63">VolunteerSignInByDateReport</a></td></tr></tbody></table><h2>Visitor Sign In Test</h2><h3 id="m0">com.raptor.testcases.Visitor_SignIn_Test#logOut</h3><table class="result"><tr><th>Exception</th></tr><tr><td><div class="stacktrace">org.openqa.selenium.WebDriverException: Element is not clickable at point (642, 29). Other element would receive the click: &lt;div id=&quot;UpdateTxt&quot;&gt;&lt;/div&gt;
Command duration or timeout: 65 milliseconds
Build info: version: &apos;2.53.1&apos;, revision: &apos;a36b8b1cd5757287168e54b817830adce9b0158d&apos;, time: &apos;2016-06-30 19:26:09&apos;
System info: host: &apos;TSLC1081&apos;, ip: &apos;192.168.160.17&apos;, os.name: &apos;Windows 10&apos;, os.arch: &apos;amd64&apos;, os.version: &apos;10.0&apos;, java.version: &apos;1.8.0_121&apos;
Driver info: org.openqa.selenium.firefox.FirefoxDriver
Capabilities [{applicationCacheEnabled=true, rotatable=false, handlesAlerts=true, databaseEnabled=true, version=47.0.2, platform=WINDOWS, nativeEvents=false, acceptSslCerts=true, webStorageEnabled=true, locationContextEnabled=true, browserName=firefox, takesScreenshot=true, javascriptEnabled=true, cssSelectorsEnabled=true}]
Session ID: d7061433-ba5d-4958-91bc-59280651ebfe
	at org.openqa.selenium.remote.ErrorHandler.createThrowable(ErrorHandler.java:206)
	at org.openqa.selenium.remote.ErrorHandler.throwIfResponseFailed(ErrorHandler.java:158)
	at org.openqa.selenium.remote.RemoteWebDriver.execute(RemoteWebDriver.java:678)
	at org.openqa.selenium.remote.RemoteWebElement.execute(RemoteWebElement.java:327)
	at org.openqa.selenium.remote.RemoteWebElement.click(RemoteWebElement.java:85)
	at com.raptor.base.TestBase.logOut(TestBase.java:134)
... Removed 26 stack frames</div></td></tr></table><p class="totop"><a href="#summary">back to summary</a></p><h3 id="m1">com.raptor.testcases.Visitor_SignIn_Test#signInVisitorByQuickFind</h3><table class="result"><tr class="param"><th>Parameter #1</th></tr><tr class="param stripe"><td>{QuickFindName=Justin, RunMode=Y, RowNum=7}</td></tr></table><p class="totop"><a href="#summary">back to summary</a></p><h3 id="m2">com.raptor.testcases.Visitor_SignIn_Test#signInVisitorManually</h3><table class="result"><tr class="param"><th>Parameter #1</th></tr><tr class="param stripe"><td>{RunMode=Y, FirstName=SHAKTI, LastName=RAPTOR, DOB=01/01/1998, RowNum=3}</td></tr></table><p class="totop"><a href="#summary">back to summary</a></p><h2>View Visitor Test</h2><h3 id="m3">com.raptor.testcases.View_Visitor_Test#logOut</h3><table class="result"><tr><th>Exception</th></tr><tr><td><div class="stacktrace">org.openqa.selenium.WebDriverException: Element is not clickable at point (642, 29). Other element would receive the click: &lt;div id=&quot;UpdateTxt&quot;&gt;&lt;/div&gt;
Command duration or timeout: 72 milliseconds
Build info: version: &apos;2.53.1&apos;, revision: &apos;a36b8b1cd5757287168e54b817830adce9b0158d&apos;, time: &apos;2016-06-30 19:26:09&apos;
System info: host: &apos;TSLC1081&apos;, ip: &apos;192.168.160.17&apos;, os.name: &apos;Windows 10&apos;, os.arch: &apos;amd64&apos;, os.version: &apos;10.0&apos;, java.version: &apos;1.8.0_121&apos;
Driver info: org.openqa.selenium.firefox.FirefoxDriver
Capabilities [{applicationCacheEnabled=true, rotatable=false, handlesAlerts=true, databaseEnabled=true, version=47.0.2, platform=WINDOWS, nativeEvents=false, acceptSslCerts=true, webStorageEnabled=true, locationContextEnabled=true, browserName=firefox, takesScreenshot=true, javascriptEnabled=true, cssSelectorsEnabled=true}]
Session ID: d7061433-ba5d-4958-91bc-59280651ebfe
	at org.openqa.selenium.remote.ErrorHandler.createThrowable(ErrorHandler.java:206)
	at org.openqa.selenium.remote.ErrorHandler.throwIfResponseFailed(ErrorHandler.java:158)
	at org.openqa.selenium.remote.RemoteWebDriver.execute(RemoteWebDriver.java:678)
	at org.openqa.selenium.remote.RemoteWebElement.execute(RemoteWebElement.java:327)
	at org.openqa.selenium.remote.RemoteWebElement.click(RemoteWebElement.java:85)
	at com.raptor.base.TestBase.logOut(TestBase.java:134)
... Removed 26 stack frames</div></td></tr></table><p class="totop"><a href="#summary">back to summary</a></p><h3 id="m4">com.raptor.testcases.View_Visitor_Test#login</h3><table class="result"><tr><th>Exception</th></tr><tr><td><div class="stacktrace">org.openqa.selenium.NoSuchElementException: Unable to locate element: {&quot;method&quot;:&quot;xpath&quot;,&quot;selector&quot;:&quot;//*[@id=&apos;txtUsername&apos;]&quot;}
Command duration or timeout: 30.10 seconds
For documentation on this error, please visit: http://seleniumhq.org/exceptions/no_such_element.html
Build info: version: &apos;2.53.1&apos;, revision: &apos;a36b8b1cd5757287168e54b817830adce9b0158d&apos;, time: &apos;2016-06-30 19:26:09&apos;
System info: host: &apos;TSLC1081&apos;, ip: &apos;192.168.160.17&apos;, os.name: &apos;Windows 10&apos;, os.arch: &apos;amd64&apos;, os.version: &apos;10.0&apos;, java.version: &apos;1.8.0_121&apos;
Driver info: org.openqa.selenium.firefox.FirefoxDriver
Capabilities [{applicationCacheEnabled=true, rotatable=false, handlesAlerts=true, databaseEnabled=true, version=47.0.2, platform=WINDOWS, nativeEvents=false, acceptSslCerts=true, webStorageEnabled=true, locationContextEnabled=true, browserName=firefox, takesScreenshot=true, javascriptEnabled=true, cssSelectorsEnabled=true}]
Session ID: d7061433-ba5d-4958-91bc-59280651ebfe
*** Element info: {Using=xpath, value=//*[@id=&apos;txtUsername&apos;]}
	at org.openqa.selenium.remote.ErrorHandler.createThrowable(ErrorHandler.java:206)
	at org.openqa.selenium.remote.ErrorHandler.throwIfResponseFailed(ErrorHandler.java:158)
	at org.openqa.selenium.remote.RemoteWebDriver.execute(RemoteWebDriver.java:678)
	at org.openqa.selenium.remote.RemoteWebDriver.findElement(RemoteWebDriver.java:363)
	at org.openqa.selenium.remote.RemoteWebDriver.findElementByXPath(RemoteWebDriver.java:500)
	at org.openqa.selenium.By$ByXPath.findElement(By.java:361)
	at org.openqa.selenium.remote.RemoteWebDriver.findElement(RemoteWebDriver.java:355)
	at org.openqa.selenium.support.pagefactory.DefaultElementLocator.findElement(DefaultElementLocator.java:69)
	at org.openqa.selenium.support.pagefactory.internal.LocatingElementHandler.invoke(LocatingElementHandler.java:38)
	at com.sun.proxy.$Proxy11.sendKeys(Unknown Source)
	at com.raptor.pages.LoginPage.login(LoginPage.java:36)
	at com.raptor.base.TestBase.login(TestBase.java:104)
Caused by: org.openqa.selenium.NoSuchElementException: Unable to locate element: {&quot;method&quot;:&quot;xpath&quot;,&quot;selector&quot;:&quot;//*[@id=&apos;txtUsername&apos;]&quot;}
For documentation on this error, please visit: http://seleniumhq.org/exceptions/no_such_element.html
Build info: version: &apos;2.53.1&apos;, revision: &apos;a36b8b1cd5757287168e54b817830adce9b0158d&apos;, time: &apos;2016-06-30 19:26:09&apos;
System info: host: &apos;TSLC1081&apos;, ip: &apos;192.168.160.17&apos;, os.name: &apos;Windows 10&apos;, os.arch: &apos;amd64&apos;, os.version: &apos;10.0&apos;, java.version: &apos;1.8.0_121&apos;
Driver info: driver.version: unknown
	at &lt;anonymous class&gt;.FirefoxDriver.prototype.findElementInternal_(file:///C:/Users/shakti_p/AppData/Local/Temp/anonymous7564937840581316091webdriver-profile/extensions/fxdriver@googlecode.com/components/driver-component.js:10770)
	at &lt;anonymous class&gt;.fxdriver.Timer.prototype.setTimeout/&lt;.notify(file:///C:/Users/shakti_p/AppData/Local/Temp/anonymous7564937840581316091webdriver-profile/extensions/fxdriver@googlecode.com/components/driver-component.js:625)
... Removed 26 stack frames</div></td></tr></table><p class="totop"><a href="#summary">back to summary</a></p><h3 id="m5">com.raptor.testcases.View_Visitor_Test#signOutVisitor</h3><table class="result"></table><p class="totop"><a href="#summary">back to summary</a></p><h2>Search Visitor Test</h2><h3 id="m6">com.raptor.testcases.Search_Visitor_Test#logOut</h3><table class="result"><tr><th>Exception</th></tr><tr><td><div class="stacktrace">org.openqa.selenium.WebDriverException: Element is not clickable at point (642, 29). Other element would receive the click: &lt;div class=&quot;ModalBackground&quot; style=&quot;position: fixed; left: 0px; top: 0px; z-index: 10000; width: 1366px; height: 659px;&quot; id=&quot;BehaveQuick_backgroundElement&quot;&gt;&lt;/div&gt;
Command duration or timeout: 67 milliseconds
Build info: version: &apos;2.53.1&apos;, revision: &apos;a36b8b1cd5757287168e54b817830adce9b0158d&apos;, time: &apos;2016-06-30 19:26:09&apos;
System info: host: &apos;TSLC1081&apos;, ip: &apos;192.168.160.17&apos;, os.name: &apos;Windows 10&apos;, os.arch: &apos;amd64&apos;, os.version: &apos;10.0&apos;, java.version: &apos;1.8.0_121&apos;
Driver info: org.openqa.selenium.firefox.FirefoxDriver
Capabilities [{applicationCacheEnabled=true, rotatable=false, handlesAlerts=true, databaseEnabled=true, version=47.0.2, platform=WINDOWS, nativeEvents=false, acceptSslCerts=true, webStorageEnabled=true, locationContextEnabled=true, browserName=firefox, takesScreenshot=true, javascriptEnabled=true, cssSelectorsEnabled=true}]
Session ID: d7061433-ba5d-4958-91bc-59280651ebfe
	at org.openqa.selenium.remote.ErrorHandler.createThrowable(ErrorHandler.java:206)
	at org.openqa.selenium.remote.ErrorHandler.throwIfResponseFailed(ErrorHandler.java:158)
	at org.openqa.selenium.remote.RemoteWebDriver.execute(RemoteWebDriver.java:678)
	at org.openqa.selenium.remote.RemoteWebElement.execute(RemoteWebElement.java:327)
	at org.openqa.selenium.remote.RemoteWebElement.click(RemoteWebElement.java:85)
	at com.raptor.base.TestBase.logOut(TestBase.java:134)
... Removed 26 stack frames</div></td></tr></table><p class="totop"><a href="#summary">back to summary</a></p><h3 id="m7">com.raptor.testcases.Search_Visitor_Test#login</h3><table class="result"><tr><th>Exception</th></tr><tr><td><div class="stacktrace">org.openqa.selenium.NoSuchElementException: Unable to locate element: {&quot;method&quot;:&quot;xpath&quot;,&quot;selector&quot;:&quot;//*[@id=&apos;txtUsername&apos;]&quot;}
Command duration or timeout: 30.10 seconds
For documentation on this error, please visit: http://seleniumhq.org/exceptions/no_such_element.html
Build info: version: &apos;2.53.1&apos;, revision: &apos;a36b8b1cd5757287168e54b817830adce9b0158d&apos;, time: &apos;2016-06-30 19:26:09&apos;
System info: host: &apos;TSLC1081&apos;, ip: &apos;192.168.160.17&apos;, os.name: &apos;Windows 10&apos;, os.arch: &apos;amd64&apos;, os.version: &apos;10.0&apos;, java.version: &apos;1.8.0_121&apos;
Driver info: org.openqa.selenium.firefox.FirefoxDriver
Capabilities [{applicationCacheEnabled=true, rotatable=false, handlesAlerts=true, databaseEnabled=true, version=47.0.2, platform=WINDOWS, nativeEvents=false, acceptSslCerts=true, webStorageEnabled=true, locationContextEnabled=true, browserName=firefox, takesScreenshot=true, javascriptEnabled=true, cssSelectorsEnabled=true}]
Session ID: d7061433-ba5d-4958-91bc-59280651ebfe
*** Element info: {Using=xpath, value=//*[@id=&apos;txtUsername&apos;]}
	at org.openqa.selenium.remote.ErrorHandler.createThrowable(ErrorHandler.java:206)
	at org.openqa.selenium.remote.ErrorHandler.throwIfResponseFailed(ErrorHandler.java:158)
	at org.openqa.selenium.remote.RemoteWebDriver.execute(RemoteWebDriver.java:678)
	at org.openqa.selenium.remote.RemoteWebDriver.findElement(RemoteWebDriver.java:363)
	at org.openqa.selenium.remote.RemoteWebDriver.findElementByXPath(RemoteWebDriver.java:500)
	at org.openqa.selenium.By$ByXPath.findElement(By.java:361)
	at org.openqa.selenium.remote.RemoteWebDriver.findElement(RemoteWebDriver.java:355)
	at org.openqa.selenium.support.pagefactory.DefaultElementLocator.findElement(DefaultElementLocator.java:69)
	at org.openqa.selenium.support.pagefactory.internal.LocatingElementHandler.invoke(LocatingElementHandler.java:38)
	at com.sun.proxy.$Proxy11.sendKeys(Unknown Source)
	at com.raptor.pages.LoginPage.login(LoginPage.java:36)
	at com.raptor.base.TestBase.login(TestBase.java:104)
Caused by: org.openqa.selenium.NoSuchElementException: Unable to locate element: {&quot;method&quot;:&quot;xpath&quot;,&quot;selector&quot;:&quot;//*[@id=&apos;txtUsername&apos;]&quot;}
For documentation on this error, please visit: http://seleniumhq.org/exceptions/no_such_element.html
Build info: version: &apos;2.53.1&apos;, revision: &apos;a36b8b1cd5757287168e54b817830adce9b0158d&apos;, time: &apos;2016-06-30 19:26:09&apos;
System info: host: &apos;TSLC1081&apos;, ip: &apos;192.168.160.17&apos;, os.name: &apos;Windows 10&apos;, os.arch: &apos;amd64&apos;, os.version: &apos;10.0&apos;, java.version: &apos;1.8.0_121&apos;
Driver info: driver.version: unknown
	at &lt;anonymous class&gt;.FirefoxDriver.prototype.findElementInternal_(file:///C:/Users/shakti_p/AppData/Local/Temp/anonymous7564937840581316091webdriver-profile/extensions/fxdriver@googlecode.com/components/driver-component.js:10770)
	at &lt;anonymous class&gt;.fxdriver.Timer.prototype.setTimeout/&lt;.notify(file:///C:/Users/shakti_p/AppData/Local/Temp/anonymous7564937840581316091webdriver-profile/extensions/fxdriver@googlecode.com/components/driver-component.js:625)
... Removed 26 stack frames</div></td></tr></table><p class="totop"><a href="#summary">back to summary</a></p><h3 id="m8">com.raptor.testcases.Search_Visitor_Test#advancedSearch_Visitor</h3><table class="result"><tr class="param"><th>Parameter #1</th></tr><tr class="param stripe"><td>{RowNum=15, AdvStartDate=10/10/2015, AdvSortBy=First Name, AdvSortOrder=Descending, AdvSearchTextBox=Jus, AdvSearchTerm=First Name, RunMode=Y, AdvSearchCriteria=contains, AdvEndDate=02/03/2016}</td></tr></table><p class="totop"><a href="#summary">back to summary</a></p><h3 id="m9">com.raptor.testcases.Search_Visitor_Test#basicSearch_Visitor</h3><table class="result"><tr class="param"><th>Parameter #1</th></tr><tr class="param stripe"><td>{SearchStartDate=06/26/2015, SearchEndDate=, VisitorName=Justin, RunMode=Y, RowNum=11}</td></tr></table><p class="totop"><a href="#summary">back to summary</a></p><h2>Visitor Reports Test</h2><h3 id="m10">com.raptor.testcases.VisitorReportTest#logOut</h3><table class="result"><tr><th>Exception</th></tr><tr><td><div class="stacktrace">org.openqa.selenium.WebDriverException: Element is not clickable at point (642, 29). Other element would receive the click: &lt;div class=&quot;ModalBackground&quot; style=&quot;position: fixed; left: 0px; top: 0px; z-index: 10000; width: 1366px; height: 659px;&quot; id=&quot;BehaveQuick_backgroundElement&quot;&gt;&lt;/div&gt;
Command duration or timeout: 69 milliseconds
Build info: version: &apos;2.53.1&apos;, revision: &apos;a36b8b1cd5757287168e54b817830adce9b0158d&apos;, time: &apos;2016-06-30 19:26:09&apos;
System info: host: &apos;TSLC1081&apos;, ip: &apos;192.168.160.17&apos;, os.name: &apos;Windows 10&apos;, os.arch: &apos;amd64&apos;, os.version: &apos;10.0&apos;, java.version: &apos;1.8.0_121&apos;
Driver info: org.openqa.selenium.firefox.FirefoxDriver
Capabilities [{applicationCacheEnabled=true, rotatable=false, handlesAlerts=true, databaseEnabled=true, version=47.0.2, platform=WINDOWS, nativeEvents=false, acceptSslCerts=true, webStorageEnabled=true, locationContextEnabled=true, browserName=firefox, takesScreenshot=true, javascriptEnabled=true, cssSelectorsEnabled=true}]
Session ID: d7061433-ba5d-4958-91bc-59280651ebfe
	at org.openqa.selenium.remote.ErrorHandler.createThrowable(ErrorHandler.java:206)
	at org.openqa.selenium.remote.ErrorHandler.throwIfResponseFailed(ErrorHandler.java:158)
	at org.openqa.selenium.remote.RemoteWebDriver.execute(RemoteWebDriver.java:678)
	at org.openqa.selenium.remote.RemoteWebElement.execute(RemoteWebElement.java:327)
	at org.openqa.selenium.remote.RemoteWebElement.click(RemoteWebElement.java:85)
	at com.raptor.base.TestBase.logOut(TestBase.java:134)
... Removed 26 stack frames</div></td></tr></table><p class="totop"><a href="#summary">back to summary</a></p><h3 id="m11">com.raptor.testcases.VisitorReportTest#login</h3><table class="result"><tr><th>Exception</th></tr><tr><td><div class="stacktrace">org.openqa.selenium.NoSuchElementException: Unable to locate element: {&quot;method&quot;:&quot;xpath&quot;,&quot;selector&quot;:&quot;//*[@id=&apos;txtUsername&apos;]&quot;}
Command duration or timeout: 30.03 seconds
For documentation on this error, please visit: http://seleniumhq.org/exceptions/no_such_element.html
Build info: version: &apos;2.53.1&apos;, revision: &apos;a36b8b1cd5757287168e54b817830adce9b0158d&apos;, time: &apos;2016-06-30 19:26:09&apos;
System info: host: &apos;TSLC1081&apos;, ip: &apos;192.168.160.17&apos;, os.name: &apos;Windows 10&apos;, os.arch: &apos;amd64&apos;, os.version: &apos;10.0&apos;, java.version: &apos;1.8.0_121&apos;
Driver info: org.openqa.selenium.firefox.FirefoxDriver
Capabilities [{applicationCacheEnabled=true, rotatable=false, handlesAlerts=true, databaseEnabled=true, version=47.0.2, platform=WINDOWS, nativeEvents=false, acceptSslCerts=true, webStorageEnabled=true, locationContextEnabled=true, browserName=firefox, takesScreenshot=true, javascriptEnabled=true, cssSelectorsEnabled=true}]
Session ID: d7061433-ba5d-4958-91bc-59280651ebfe
*** Element info: {Using=xpath, value=//*[@id=&apos;txtUsername&apos;]}
	at org.openqa.selenium.remote.ErrorHandler.createThrowable(ErrorHandler.java:206)
	at org.openqa.selenium.remote.ErrorHandler.throwIfResponseFailed(ErrorHandler.java:158)
	at org.openqa.selenium.remote.RemoteWebDriver.execute(RemoteWebDriver.java:678)
	at org.openqa.selenium.remote.RemoteWebDriver.findElement(RemoteWebDriver.java:363)
	at org.openqa.selenium.remote.RemoteWebDriver.findElementByXPath(RemoteWebDriver.java:500)
	at org.openqa.selenium.By$ByXPath.findElement(By.java:361)
	at org.openqa.selenium.remote.RemoteWebDriver.findElement(RemoteWebDriver.java:355)
	at org.openqa.selenium.support.pagefactory.DefaultElementLocator.findElement(DefaultElementLocator.java:69)
	at org.openqa.selenium.support.pagefactory.internal.LocatingElementHandler.invoke(LocatingElementHandler.java:38)
	at com.sun.proxy.$Proxy11.sendKeys(Unknown Source)
	at com.raptor.pages.LoginPage.login(LoginPage.java:36)
	at com.raptor.base.TestBase.login(TestBase.java:104)
Caused by: org.openqa.selenium.NoSuchElementException: Unable to locate element: {&quot;method&quot;:&quot;xpath&quot;,&quot;selector&quot;:&quot;//*[@id=&apos;txtUsername&apos;]&quot;}
For documentation on this error, please visit: http://seleniumhq.org/exceptions/no_such_element.html
Build info: version: &apos;2.53.1&apos;, revision: &apos;a36b8b1cd5757287168e54b817830adce9b0158d&apos;, time: &apos;2016-06-30 19:26:09&apos;
System info: host: &apos;TSLC1081&apos;, ip: &apos;192.168.160.17&apos;, os.name: &apos;Windows 10&apos;, os.arch: &apos;amd64&apos;, os.version: &apos;10.0&apos;, java.version: &apos;1.8.0_121&apos;
Driver info: driver.version: unknown
	at &lt;anonymous class&gt;.FirefoxDriver.prototype.findElementInternal_(file:///C:/Users/shakti_p/AppData/Local/Temp/anonymous7564937840581316091webdriver-profile/extensions/fxdriver@googlecode.com/components/driver-component.js:10770)
	at &lt;anonymous class&gt;.fxdriver.Timer.prototype.setTimeout/&lt;.notify(file:///C:/Users/shakti_p/AppData/Local/Temp/anonymous7564937840581316091webdriver-profile/extensions/fxdriver@googlecode.com/components/driver-component.js:625)
... Removed 26 stack frames</div></td></tr></table><p class="totop"><a href="#summary">back to summary</a></p><h3 id="m12">com.raptor.testcases.VisitorReportTest#Report_SexOffenderLogged_Visitor</h3><table class="result"><tr class="param"><th>Parameter #1</th></tr><tr class="param stripe"><td>{RunMode=Y, EndDate=02/03/2016, RowNum=19, SortBy=Name, StartDate=10/25/2015}</td></tr></table><p class="totop"><a href="#summary">back to summary</a></p><h3 id="m13">com.raptor.testcases.VisitorReportTest#Report_WhoIsInTheBuilding_Visitor</h3><table class="result"></table><p class="totop"><a href="#summary">back to summary</a></p><h2>Sign In Student Test</h2><h3 id="m14">com.raptor.testcases.SignIn_StudentTest#logOut</h3><table class="result"><tr><th>Exception</th></tr><tr><td><div class="stacktrace">org.openqa.selenium.WebDriverException: Element is not clickable at point (642, 29). Other element would receive the click: &lt;div class=&quot;ModalBackground&quot; style=&quot;position: fixed; left: 0px; top: 0px; z-index: 10000; width: 1366px; height: 659px;&quot; id=&quot;BehaveQuick_backgroundElement&quot;&gt;&lt;/div&gt;
Command duration or timeout: 67 milliseconds
Build info: version: &apos;2.53.1&apos;, revision: &apos;a36b8b1cd5757287168e54b817830adce9b0158d&apos;, time: &apos;2016-06-30 19:26:09&apos;
System info: host: &apos;TSLC1081&apos;, ip: &apos;192.168.160.17&apos;, os.name: &apos;Windows 10&apos;, os.arch: &apos;amd64&apos;, os.version: &apos;10.0&apos;, java.version: &apos;1.8.0_121&apos;
Driver info: org.openqa.selenium.firefox.FirefoxDriver
Capabilities [{applicationCacheEnabled=true, rotatable=false, handlesAlerts=true, databaseEnabled=true, version=47.0.2, platform=WINDOWS, nativeEvents=false, acceptSslCerts=true, webStorageEnabled=true, locationContextEnabled=true, browserName=firefox, takesScreenshot=true, javascriptEnabled=true, cssSelectorsEnabled=true}]
Session ID: d7061433-ba5d-4958-91bc-59280651ebfe
	at org.openqa.selenium.remote.ErrorHandler.createThrowable(ErrorHandler.java:206)
	at org.openqa.selenium.remote.ErrorHandler.throwIfResponseFailed(ErrorHandler.java:158)
	at org.openqa.selenium.remote.RemoteWebDriver.execute(RemoteWebDriver.java:678)
	at org.openqa.selenium.remote.RemoteWebElement.execute(RemoteWebElement.java:327)
	at org.openqa.selenium.remote.RemoteWebElement.click(RemoteWebElement.java:85)
	at com.raptor.base.TestBase.logOut(TestBase.java:134)
... Removed 26 stack frames</div></td></tr></table><p class="totop"><a href="#summary">back to summary</a></p><h3 id="m15">com.raptor.testcases.SignIn_StudentTest#login</h3><table class="result"><tr><th>Exception</th></tr><tr><td><div class="stacktrace">org.openqa.selenium.NoSuchElementException: Unable to locate element: {&quot;method&quot;:&quot;xpath&quot;,&quot;selector&quot;:&quot;//*[@id=&apos;txtUsername&apos;]&quot;}
Command duration or timeout: 30.09 seconds
For documentation on this error, please visit: http://seleniumhq.org/exceptions/no_such_element.html
Build info: version: &apos;2.53.1&apos;, revision: &apos;a36b8b1cd5757287168e54b817830adce9b0158d&apos;, time: &apos;2016-06-30 19:26:09&apos;
System info: host: &apos;TSLC1081&apos;, ip: &apos;192.168.160.17&apos;, os.name: &apos;Windows 10&apos;, os.arch: &apos;amd64&apos;, os.version: &apos;10.0&apos;, java.version: &apos;1.8.0_121&apos;
Driver info: org.openqa.selenium.firefox.FirefoxDriver
Capabilities [{applicationCacheEnabled=true, rotatable=false, handlesAlerts=true, databaseEnabled=true, version=47.0.2, platform=WINDOWS, nativeEvents=false, acceptSslCerts=true, webStorageEnabled=true, locationContextEnabled=true, browserName=firefox, takesScreenshot=true, javascriptEnabled=true, cssSelectorsEnabled=true}]
Session ID: d7061433-ba5d-4958-91bc-59280651ebfe
*** Element info: {Using=xpath, value=//*[@id=&apos;txtUsername&apos;]}
	at org.openqa.selenium.remote.ErrorHandler.createThrowable(ErrorHandler.java:206)
	at org.openqa.selenium.remote.ErrorHandler.throwIfResponseFailed(ErrorHandler.java:158)
	at org.openqa.selenium.remote.RemoteWebDriver.execute(RemoteWebDriver.java:678)
	at org.openqa.selenium.remote.RemoteWebDriver.findElement(RemoteWebDriver.java:363)
	at org.openqa.selenium.remote.RemoteWebDriver.findElementByXPath(RemoteWebDriver.java:500)
	at org.openqa.selenium.By$ByXPath.findElement(By.java:361)
	at org.openqa.selenium.remote.RemoteWebDriver.findElement(RemoteWebDriver.java:355)
	at org.openqa.selenium.support.pagefactory.DefaultElementLocator.findElement(DefaultElementLocator.java:69)
	at org.openqa.selenium.support.pagefactory.internal.LocatingElementHandler.invoke(LocatingElementHandler.java:38)
	at com.sun.proxy.$Proxy11.sendKeys(Unknown Source)
	at com.raptor.pages.LoginPage.login(LoginPage.java:36)
	at com.raptor.base.TestBase.login(TestBase.java:104)
Caused by: org.openqa.selenium.NoSuchElementException: Unable to locate element: {&quot;method&quot;:&quot;xpath&quot;,&quot;selector&quot;:&quot;//*[@id=&apos;txtUsername&apos;]&quot;}
For documentation on this error, please visit: http://seleniumhq.org/exceptions/no_such_element.html
Build info: version: &apos;2.53.1&apos;, revision: &apos;a36b8b1cd5757287168e54b817830adce9b0158d&apos;, time: &apos;2016-06-30 19:26:09&apos;
System info: host: &apos;TSLC1081&apos;, ip: &apos;192.168.160.17&apos;, os.name: &apos;Windows 10&apos;, os.arch: &apos;amd64&apos;, os.version: &apos;10.0&apos;, java.version: &apos;1.8.0_121&apos;
Driver info: driver.version: unknown
	at &lt;anonymous class&gt;.FirefoxDriver.prototype.findElementInternal_(file:///C:/Users/shakti_p/AppData/Local/Temp/anonymous7564937840581316091webdriver-profile/extensions/fxdriver@googlecode.com/components/driver-component.js:10770)
	at &lt;anonymous class&gt;.fxdriver.Timer.prototype.setTimeout/&lt;.notify(file:///C:/Users/shakti_p/AppData/Local/Temp/anonymous7564937840581316091webdriver-profile/extensions/fxdriver@googlecode.com/components/driver-component.js:625)
... Removed 26 stack frames</div></td></tr></table><p class="totop"><a href="#summary">back to summary</a></p><h3 id="m16">com.raptor.testcases.SignIn_StudentTest#signInStudentByQuickFindTest</h3><table class="result"><tr class="param"><th>Parameter #1</th></tr><tr class="param stripe"><td>{RunMode=Y, FirstName=Shakti, Reason=Home, RowNum=28}</td></tr></table><p class="totop"><a href="#summary">back to summary</a></p><h3 id="m17">com.raptor.testcases.SignIn_StudentTest#signInStudentManuallyTest</h3><table class="result"><tr class="param"><th>Parameter #1</th></tr><tr class="param stripe"><td>{RunMode=Y, FirstName=Shakti, IDNumber=STD104, LastName=Test, Reason=Home, RowNum=24}</td></tr></table><p class="totop"><a href="#summary">back to summary</a></p><h3 id="m18">com.raptor.testcases.SignIn_StudentTest#studentDelayedEntryManuallyTest</h3><table class="result"><tr class="param"><th>Parameter #1</th></tr><tr class="param stripe"><td>{RunMode=Y, FirstName=Shakti, SignInTime=0530PM, IDNumber=STD1015, LastName=Testing, Reason=Function, RowNum=33, SignInDate=09/07/2015}</td></tr></table><p class="totop"><a href="#summary">back to summary</a></p><h2>Sign Out Student Test</h2><h3 id="m19">com.raptor.testcases.SignOutStudentTest#logOut</h3><table class="result"><tr><th>Exception</th></tr><tr><td><div class="stacktrace">org.openqa.selenium.WebDriverException: Element is not clickable at point (642, 29). Other element would receive the click: &lt;div class=&quot;ModalBackground&quot; style=&quot;position: fixed; left: 0px; top: 0px; z-index: 10000; width: 1366px; height: 659px;&quot; id=&quot;BehaveQuick_backgroundElement&quot;&gt;&lt;/div&gt;
Command duration or timeout: 75 milliseconds
Build info: version: &apos;2.53.1&apos;, revision: &apos;a36b8b1cd5757287168e54b817830adce9b0158d&apos;, time: &apos;2016-06-30 19:26:09&apos;
System info: host: &apos;TSLC1081&apos;, ip: &apos;192.168.160.17&apos;, os.name: &apos;Windows 10&apos;, os.arch: &apos;amd64&apos;, os.version: &apos;10.0&apos;, java.version: &apos;1.8.0_121&apos;
Driver info: org.openqa.selenium.firefox.FirefoxDriver
Capabilities [{applicationCacheEnabled=true, rotatable=false, handlesAlerts=true, databaseEnabled=true, version=47.0.2, platform=WINDOWS, nativeEvents=false, acceptSslCerts=true, webStorageEnabled=true, locationContextEnabled=true, browserName=firefox, takesScreenshot=true, javascriptEnabled=true, cssSelectorsEnabled=true}]
Session ID: d7061433-ba5d-4958-91bc-59280651ebfe
	at org.openqa.selenium.remote.ErrorHandler.createThrowable(ErrorHandler.java:206)
	at org.openqa.selenium.remote.ErrorHandler.throwIfResponseFailed(ErrorHandler.java:158)
	at org.openqa.selenium.remote.RemoteWebDriver.execute(RemoteWebDriver.java:678)
	at org.openqa.selenium.remote.RemoteWebElement.execute(RemoteWebElement.java:327)
	at org.openqa.selenium.remote.RemoteWebElement.click(RemoteWebElement.java:85)
	at com.raptor.base.TestBase.logOut(TestBase.java:134)
... Removed 26 stack frames</div></td></tr></table><p class="totop"><a href="#summary">back to summary</a></p><h3 id="m20">com.raptor.testcases.SignOutStudentTest#login</h3><table class="result"><tr><th>Exception</th></tr><tr><td><div class="stacktrace">org.openqa.selenium.NoSuchElementException: Unable to locate element: {&quot;method&quot;:&quot;xpath&quot;,&quot;selector&quot;:&quot;//*[@id=&apos;txtUsername&apos;]&quot;}
Command duration or timeout: 30.10 seconds
For documentation on this error, please visit: http://seleniumhq.org/exceptions/no_such_element.html
Build info: version: &apos;2.53.1&apos;, revision: &apos;a36b8b1cd5757287168e54b817830adce9b0158d&apos;, time: &apos;2016-06-30 19:26:09&apos;
System info: host: &apos;TSLC1081&apos;, ip: &apos;192.168.160.17&apos;, os.name: &apos;Windows 10&apos;, os.arch: &apos;amd64&apos;, os.version: &apos;10.0&apos;, java.version: &apos;1.8.0_121&apos;
Driver info: org.openqa.selenium.firefox.FirefoxDriver
Capabilities [{applicationCacheEnabled=true, rotatable=false, handlesAlerts=true, databaseEnabled=true, version=47.0.2, platform=WINDOWS, nativeEvents=false, acceptSslCerts=true, webStorageEnabled=true, locationContextEnabled=true, browserName=firefox, takesScreenshot=true, javascriptEnabled=true, cssSelectorsEnabled=true}]
Session ID: d7061433-ba5d-4958-91bc-59280651ebfe
*** Element info: {Using=xpath, value=//*[@id=&apos;txtUsername&apos;]}
	at org.openqa.selenium.remote.ErrorHandler.createThrowable(ErrorHandler.java:206)
	at org.openqa.selenium.remote.ErrorHandler.throwIfResponseFailed(ErrorHandler.java:158)
	at org.openqa.selenium.remote.RemoteWebDriver.execute(RemoteWebDriver.java:678)
	at org.openqa.selenium.remote.RemoteWebDriver.findElement(RemoteWebDriver.java:363)
	at org.openqa.selenium.remote.RemoteWebDriver.findElementByXPath(RemoteWebDriver.java:500)
	at org.openqa.selenium.By$ByXPath.findElement(By.java:361)
	at org.openqa.selenium.remote.RemoteWebDriver.findElement(RemoteWebDriver.java:355)
	at org.openqa.selenium.support.pagefactory.DefaultElementLocator.findElement(DefaultElementLocator.java:69)
	at org.openqa.selenium.support.pagefactory.internal.LocatingElementHandler.invoke(LocatingElementHandler.java:38)
	at com.sun.proxy.$Proxy11.sendKeys(Unknown Source)
	at com.raptor.pages.LoginPage.login(LoginPage.java:36)
	at com.raptor.base.TestBase.login(TestBase.java:104)
Caused by: org.openqa.selenium.NoSuchElementException: Unable to locate element: {&quot;method&quot;:&quot;xpath&quot;,&quot;selector&quot;:&quot;//*[@id=&apos;txtUsername&apos;]&quot;}
For documentation on this error, please visit: http://seleniumhq.org/exceptions/no_such_element.html
Build info: version: &apos;2.53.1&apos;, revision: &apos;a36b8b1cd5757287168e54b817830adce9b0158d&apos;, time: &apos;2016-06-30 19:26:09&apos;
System info: host: &apos;TSLC1081&apos;, ip: &apos;192.168.160.17&apos;, os.name: &apos;Windows 10&apos;, os.arch: &apos;amd64&apos;, os.version: &apos;10.0&apos;, java.version: &apos;1.8.0_121&apos;
Driver info: driver.version: unknown
	at &lt;anonymous class&gt;.FirefoxDriver.prototype.findElementInternal_(file:///C:/Users/shakti_p/AppData/Local/Temp/anonymous7564937840581316091webdriver-profile/extensions/fxdriver@googlecode.com/components/driver-component.js:10770)
	at &lt;anonymous class&gt;.fxdriver.Timer.prototype.setTimeout/&lt;.notify(file:///C:/Users/shakti_p/AppData/Local/Temp/anonymous7564937840581316091webdriver-profile/extensions/fxdriver@googlecode.com/components/driver-component.js:625)
... Removed 26 stack frames</div></td></tr></table><p class="totop"><a href="#summary">back to summary</a></p><h3 id="m21">com.raptor.testcases.SignOutStudentTest#signOutStudentManuallyTest</h3><table class="result"><tr class="param"><th>Parameter #1</th></tr><tr class="param stripe"><td>{RowNum=38, Par_License=TESTLNC1100, Std_FirstName=Steav, Par_FirstName=Mary, Std_Reason=Personal, Std_IDNumber=STDTEST105, RunMode=Y, Par_DOB=10/10/1990, Par_LastName=Joshep, Std_LastName=Jacob}</td></tr></table><p class="totop"><a href="#summary">back to summary</a></p><h2>Search Student Test</h2><h3 id="m22">com.raptor.testcases.Search_StudentTest#logOut</h3><table class="result"><tr><th>Exception</th></tr><tr><td><div class="stacktrace">org.openqa.selenium.WebDriverException: Element is not clickable at point (642, 29). Other element would receive the click: &lt;div class=&quot;ModalBackground&quot; style=&quot;position: fixed; left: 0px; top: 0px; z-index: 10000; width: 1366px; height: 659px;&quot; id=&quot;BehaveQuick_backgroundElement&quot;&gt;&lt;/div&gt;
Command duration or timeout: 65 milliseconds
Build info: version: &apos;2.53.1&apos;, revision: &apos;a36b8b1cd5757287168e54b817830adce9b0158d&apos;, time: &apos;2016-06-30 19:26:09&apos;
System info: host: &apos;TSLC1081&apos;, ip: &apos;192.168.160.17&apos;, os.name: &apos;Windows 10&apos;, os.arch: &apos;amd64&apos;, os.version: &apos;10.0&apos;, java.version: &apos;1.8.0_121&apos;
Driver info: org.openqa.selenium.firefox.FirefoxDriver
Capabilities [{applicationCacheEnabled=true, rotatable=false, handlesAlerts=true, databaseEnabled=true, version=47.0.2, platform=WINDOWS, nativeEvents=false, acceptSslCerts=true, webStorageEnabled=true, locationContextEnabled=true, browserName=firefox, takesScreenshot=true, javascriptEnabled=true, cssSelectorsEnabled=true}]
Session ID: d7061433-ba5d-4958-91bc-59280651ebfe
	at org.openqa.selenium.remote.ErrorHandler.createThrowable(ErrorHandler.java:206)
	at org.openqa.selenium.remote.ErrorHandler.throwIfResponseFailed(ErrorHandler.java:158)
	at org.openqa.selenium.remote.RemoteWebDriver.execute(RemoteWebDriver.java:678)
	at org.openqa.selenium.remote.RemoteWebElement.execute(RemoteWebElement.java:327)
	at org.openqa.selenium.remote.RemoteWebElement.click(RemoteWebElement.java:85)
	at com.raptor.base.TestBase.logOut(TestBase.java:134)
... Removed 26 stack frames</div></td></tr></table><p class="totop"><a href="#summary">back to summary</a></p><h3 id="m23">com.raptor.testcases.Search_StudentTest#login</h3><table class="result"><tr><th>Exception</th></tr><tr><td><div class="stacktrace">org.openqa.selenium.NoSuchElementException: Unable to locate element: {&quot;method&quot;:&quot;xpath&quot;,&quot;selector&quot;:&quot;//*[@id=&apos;txtUsername&apos;]&quot;}
Command duration or timeout: 30.07 seconds
For documentation on this error, please visit: http://seleniumhq.org/exceptions/no_such_element.html
Build info: version: &apos;2.53.1&apos;, revision: &apos;a36b8b1cd5757287168e54b817830adce9b0158d&apos;, time: &apos;2016-06-30 19:26:09&apos;
System info: host: &apos;TSLC1081&apos;, ip: &apos;192.168.160.17&apos;, os.name: &apos;Windows 10&apos;, os.arch: &apos;amd64&apos;, os.version: &apos;10.0&apos;, java.version: &apos;1.8.0_121&apos;
Driver info: org.openqa.selenium.firefox.FirefoxDriver
Capabilities [{applicationCacheEnabled=true, rotatable=false, handlesAlerts=true, databaseEnabled=true, version=47.0.2, platform=WINDOWS, nativeEvents=false, acceptSslCerts=true, webStorageEnabled=true, locationContextEnabled=true, browserName=firefox, takesScreenshot=true, javascriptEnabled=true, cssSelectorsEnabled=true}]
Session ID: d7061433-ba5d-4958-91bc-59280651ebfe
*** Element info: {Using=xpath, value=//*[@id=&apos;txtUsername&apos;]}
	at org.openqa.selenium.remote.ErrorHandler.createThrowable(ErrorHandler.java:206)
	at org.openqa.selenium.remote.ErrorHandler.throwIfResponseFailed(ErrorHandler.java:158)
	at org.openqa.selenium.remote.RemoteWebDriver.execute(RemoteWebDriver.java:678)
	at org.openqa.selenium.remote.RemoteWebDriver.findElement(RemoteWebDriver.java:363)
	at org.openqa.selenium.remote.RemoteWebDriver.findElementByXPath(RemoteWebDriver.java:500)
	at org.openqa.selenium.By$ByXPath.findElement(By.java:361)
	at org.openqa.selenium.remote.RemoteWebDriver.findElement(RemoteWebDriver.java:355)
	at org.openqa.selenium.support.pagefactory.DefaultElementLocator.findElement(DefaultElementLocator.java:69)
	at org.openqa.selenium.support.pagefactory.internal.LocatingElementHandler.invoke(LocatingElementHandler.java:38)
	at com.sun.proxy.$Proxy11.sendKeys(Unknown Source)
	at com.raptor.pages.LoginPage.login(LoginPage.java:36)
	at com.raptor.base.TestBase.login(TestBase.java:104)
Caused by: org.openqa.selenium.NoSuchElementException: Unable to locate element: {&quot;method&quot;:&quot;xpath&quot;,&quot;selector&quot;:&quot;//*[@id=&apos;txtUsername&apos;]&quot;}
For documentation on this error, please visit: http://seleniumhq.org/exceptions/no_such_element.html
Build info: version: &apos;2.53.1&apos;, revision: &apos;a36b8b1cd5757287168e54b817830adce9b0158d&apos;, time: &apos;2016-06-30 19:26:09&apos;
System info: host: &apos;TSLC1081&apos;, ip: &apos;192.168.160.17&apos;, os.name: &apos;Windows 10&apos;, os.arch: &apos;amd64&apos;, os.version: &apos;10.0&apos;, java.version: &apos;1.8.0_121&apos;
Driver info: driver.version: unknown
	at &lt;anonymous class&gt;.FirefoxDriver.prototype.findElementInternal_(file:///C:/Users/shakti_p/AppData/Local/Temp/anonymous7564937840581316091webdriver-profile/extensions/fxdriver@googlecode.com/components/driver-component.js:10770)
	at &lt;anonymous class&gt;.fxdriver.Timer.prototype.setTimeout/&lt;.notify(file:///C:/Users/shakti_p/AppData/Local/Temp/anonymous7564937840581316091webdriver-profile/extensions/fxdriver@googlecode.com/components/driver-component.js:625)
... Removed 26 stack frames</div></td></tr></table><p class="totop"><a href="#summary">back to summary</a></p><h3 id="m24">com.raptor.testcases.Search_StudentTest#advancedSearch_Student</h3><table class="result"><tr class="param"><th>Parameter #1</th></tr><tr class="param stripe"><td>{RowNum=48, AdvStartDate=02/02/2015, AdvSortBy=First Name, AdvSortOrder=Descending, AdvSearchTextBox=s, AdvSearchTerm=First Name, RunMode=Y, AdvSearchCriteria=contains, AdvEndDate=01/01/2016}</td></tr></table><p class="totop"><a href="#summary">back to summary</a></p><h3 id="m25">com.raptor.testcases.Search_StudentTest#basicSearch_Student</h3><table class="result"><tr class="param"><th>Parameter #1</th></tr><tr class="param stripe"><td>{SearchStartDate=03/26/2015, SearchEndDate=01/01/2016, RunMode=Y, StudentName=Shakti, RowNum=43}</td></tr></table><p class="totop"><a href="#summary">back to summary</a></p><h2>Student Reports Test</h2><h3 id="m26">com.raptor.testcases.StudentReportTest#logOut</h3><table class="result"><tr><th>Exception</th></tr><tr><td><div class="stacktrace">org.openqa.selenium.WebDriverException: Element is not clickable at point (642, 29). Other element would receive the click: &lt;div class=&quot;ModalBackground&quot; style=&quot;position: fixed; left: 0px; top: 0px; z-index: 10000; width: 1366px; height: 659px;&quot; id=&quot;BehaveQuick_backgroundElement&quot;&gt;&lt;/div&gt;
Command duration or timeout: 71 milliseconds
Build info: version: &apos;2.53.1&apos;, revision: &apos;a36b8b1cd5757287168e54b817830adce9b0158d&apos;, time: &apos;2016-06-30 19:26:09&apos;
System info: host: &apos;TSLC1081&apos;, ip: &apos;192.168.160.17&apos;, os.name: &apos;Windows 10&apos;, os.arch: &apos;amd64&apos;, os.version: &apos;10.0&apos;, java.version: &apos;1.8.0_121&apos;
Driver info: org.openqa.selenium.firefox.FirefoxDriver
Capabilities [{applicationCacheEnabled=true, rotatable=false, handlesAlerts=true, databaseEnabled=true, version=47.0.2, platform=WINDOWS, nativeEvents=false, acceptSslCerts=true, webStorageEnabled=true, locationContextEnabled=true, browserName=firefox, takesScreenshot=true, javascriptEnabled=true, cssSelectorsEnabled=true}]
Session ID: d7061433-ba5d-4958-91bc-59280651ebfe
	at org.openqa.selenium.remote.ErrorHandler.createThrowable(ErrorHandler.java:206)
	at org.openqa.selenium.remote.ErrorHandler.throwIfResponseFailed(ErrorHandler.java:158)
	at org.openqa.selenium.remote.RemoteWebDriver.execute(RemoteWebDriver.java:678)
	at org.openqa.selenium.remote.RemoteWebElement.execute(RemoteWebElement.java:327)
	at org.openqa.selenium.remote.RemoteWebElement.click(RemoteWebElement.java:85)
	at com.raptor.base.TestBase.logOut(TestBase.java:134)
... Removed 26 stack frames</div></td></tr></table><p class="totop"><a href="#summary">back to summary</a></p><h3 id="m27">com.raptor.testcases.StudentReportTest#login</h3><table class="result"><tr><th>Exception</th></tr><tr><td><div class="stacktrace">org.openqa.selenium.NoSuchElementException: Unable to locate element: {&quot;method&quot;:&quot;xpath&quot;,&quot;selector&quot;:&quot;//*[@id=&apos;txtUsername&apos;]&quot;}
Command duration or timeout: 30.01 seconds
For documentation on this error, please visit: http://seleniumhq.org/exceptions/no_such_element.html
Build info: version: &apos;2.53.1&apos;, revision: &apos;a36b8b1cd5757287168e54b817830adce9b0158d&apos;, time: &apos;2016-06-30 19:26:09&apos;
System info: host: &apos;TSLC1081&apos;, ip: &apos;192.168.160.17&apos;, os.name: &apos;Windows 10&apos;, os.arch: &apos;amd64&apos;, os.version: &apos;10.0&apos;, java.version: &apos;1.8.0_121&apos;
Driver info: org.openqa.selenium.firefox.FirefoxDriver
Capabilities [{applicationCacheEnabled=true, rotatable=false, handlesAlerts=true, databaseEnabled=true, version=47.0.2, platform=WINDOWS, nativeEvents=false, acceptSslCerts=true, webStorageEnabled=true, locationContextEnabled=true, browserName=firefox, takesScreenshot=true, javascriptEnabled=true, cssSelectorsEnabled=true}]
Session ID: d7061433-ba5d-4958-91bc-59280651ebfe
*** Element info: {Using=xpath, value=//*[@id=&apos;txtUsername&apos;]}
	at org.openqa.selenium.remote.ErrorHandler.createThrowable(ErrorHandler.java:206)
	at org.openqa.selenium.remote.ErrorHandler.throwIfResponseFailed(ErrorHandler.java:158)
	at org.openqa.selenium.remote.RemoteWebDriver.execute(RemoteWebDriver.java:678)
	at org.openqa.selenium.remote.RemoteWebDriver.findElement(RemoteWebDriver.java:363)
	at org.openqa.selenium.remote.RemoteWebDriver.findElementByXPath(RemoteWebDriver.java:500)
	at org.openqa.selenium.By$ByXPath.findElement(By.java:361)
	at org.openqa.selenium.remote.RemoteWebDriver.findElement(RemoteWebDriver.java:355)
	at org.openqa.selenium.support.pagefactory.DefaultElementLocator.findElement(DefaultElementLocator.java:69)
	at org.openqa.selenium.support.pagefactory.internal.LocatingElementHandler.invoke(LocatingElementHandler.java:38)
	at com.sun.proxy.$Proxy11.sendKeys(Unknown Source)
	at com.raptor.pages.LoginPage.login(LoginPage.java:36)
	at com.raptor.base.TestBase.login(TestBase.java:104)
Caused by: org.openqa.selenium.NoSuchElementException: Unable to locate element: {&quot;method&quot;:&quot;xpath&quot;,&quot;selector&quot;:&quot;//*[@id=&apos;txtUsername&apos;]&quot;}
For documentation on this error, please visit: http://seleniumhq.org/exceptions/no_such_element.html
Build info: version: &apos;2.53.1&apos;, revision: &apos;a36b8b1cd5757287168e54b817830adce9b0158d&apos;, time: &apos;2016-06-30 19:26:09&apos;
System info: host: &apos;TSLC1081&apos;, ip: &apos;192.168.160.17&apos;, os.name: &apos;Windows 10&apos;, os.arch: &apos;amd64&apos;, os.version: &apos;10.0&apos;, java.version: &apos;1.8.0_121&apos;
Driver info: driver.version: unknown
	at &lt;anonymous class&gt;.FirefoxDriver.prototype.findElementInternal_(file:///C:/Users/shakti_p/AppData/Local/Temp/anonymous7564937840581316091webdriver-profile/extensions/fxdriver@googlecode.com/components/driver-component.js:10770)
	at &lt;anonymous class&gt;.fxdriver.Timer.prototype.setTimeout/&lt;.notify(file:///C:/Users/shakti_p/AppData/Local/Temp/anonymous7564937840581316091webdriver-profile/extensions/fxdriver@googlecode.com/components/driver-component.js:625)
... Removed 26 stack frames</div></td></tr></table><p class="totop"><a href="#summary">back to summary</a></p><h3 id="m28">com.raptor.testcases.StudentReportTest#getAvtiveStudentReportTest</h3><table class="result"></table><p class="totop"><a href="#summary">back to summary</a></p><h2>Faculty Sign In Test</h2><h3 id="m29">com.raptor.testcases.SignInFacultyTest#logOut</h3><table class="result"><tr><th>Exception</th></tr><tr><td><div class="stacktrace">org.openqa.selenium.WebDriverException: Element is not clickable at point (642, 29). Other element would receive the click: &lt;div class=&quot;ModalBackground&quot; style=&quot;position: fixed; left: 0px; top: 0px; z-index: 10000; width: 1366px; height: 659px;&quot; id=&quot;BehaveQuick_backgroundElement&quot;&gt;&lt;/div&gt;
Command duration or timeout: 64 milliseconds
Build info: version: &apos;2.53.1&apos;, revision: &apos;a36b8b1cd5757287168e54b817830adce9b0158d&apos;, time: &apos;2016-06-30 19:26:09&apos;
System info: host: &apos;TSLC1081&apos;, ip: &apos;192.168.160.17&apos;, os.name: &apos;Windows 10&apos;, os.arch: &apos;amd64&apos;, os.version: &apos;10.0&apos;, java.version: &apos;1.8.0_121&apos;
Driver info: org.openqa.selenium.firefox.FirefoxDriver
Capabilities [{applicationCacheEnabled=true, rotatable=false, handlesAlerts=true, databaseEnabled=true, version=47.0.2, platform=WINDOWS, nativeEvents=false, acceptSslCerts=true, webStorageEnabled=true, locationContextEnabled=true, browserName=firefox, takesScreenshot=true, javascriptEnabled=true, cssSelectorsEnabled=true}]
Session ID: d7061433-ba5d-4958-91bc-59280651ebfe
	at org.openqa.selenium.remote.ErrorHandler.createThrowable(ErrorHandler.java:206)
	at org.openqa.selenium.remote.ErrorHandler.throwIfResponseFailed(ErrorHandler.java:158)
	at org.openqa.selenium.remote.RemoteWebDriver.execute(RemoteWebDriver.java:678)
	at org.openqa.selenium.remote.RemoteWebElement.execute(RemoteWebElement.java:327)
	at org.openqa.selenium.remote.RemoteWebElement.click(RemoteWebElement.java:85)
	at com.raptor.base.TestBase.logOut(TestBase.java:134)
... Removed 26 stack frames</div></td></tr></table><p class="totop"><a href="#summary">back to summary</a></p><h3 id="m30">com.raptor.testcases.SignInFacultyTest#login</h3><table class="result"><tr><th>Exception</th></tr><tr><td><div class="stacktrace">org.openqa.selenium.NoSuchElementException: Unable to locate element: {&quot;method&quot;:&quot;xpath&quot;,&quot;selector&quot;:&quot;//*[@id=&apos;txtUsername&apos;]&quot;}
Command duration or timeout: 30.06 seconds
For documentation on this error, please visit: http://seleniumhq.org/exceptions/no_such_element.html
Build info: version: &apos;2.53.1&apos;, revision: &apos;a36b8b1cd5757287168e54b817830adce9b0158d&apos;, time: &apos;2016-06-30 19:26:09&apos;
System info: host: &apos;TSLC1081&apos;, ip: &apos;192.168.160.17&apos;, os.name: &apos;Windows 10&apos;, os.arch: &apos;amd64&apos;, os.version: &apos;10.0&apos;, java.version: &apos;1.8.0_121&apos;
Driver info: org.openqa.selenium.firefox.FirefoxDriver
Capabilities [{applicationCacheEnabled=true, rotatable=false, handlesAlerts=true, databaseEnabled=true, version=47.0.2, platform=WINDOWS, nativeEvents=false, acceptSslCerts=true, webStorageEnabled=true, locationContextEnabled=true, browserName=firefox, takesScreenshot=true, javascriptEnabled=true, cssSelectorsEnabled=true}]
Session ID: d7061433-ba5d-4958-91bc-59280651ebfe
*** Element info: {Using=xpath, value=//*[@id=&apos;txtUsername&apos;]}
	at org.openqa.selenium.remote.ErrorHandler.createThrowable(ErrorHandler.java:206)
	at org.openqa.selenium.remote.ErrorHandler.throwIfResponseFailed(ErrorHandler.java:158)
	at org.openqa.selenium.remote.RemoteWebDriver.execute(RemoteWebDriver.java:678)
	at org.openqa.selenium.remote.RemoteWebDriver.findElement(RemoteWebDriver.java:363)
	at org.openqa.selenium.remote.RemoteWebDriver.findElementByXPath(RemoteWebDriver.java:500)
	at org.openqa.selenium.By$ByXPath.findElement(By.java:361)
	at org.openqa.selenium.remote.RemoteWebDriver.findElement(RemoteWebDriver.java:355)
	at org.openqa.selenium.support.pagefactory.DefaultElementLocator.findElement(DefaultElementLocator.java:69)
	at org.openqa.selenium.support.pagefactory.internal.LocatingElementHandler.invoke(LocatingElementHandler.java:38)
	at com.sun.proxy.$Proxy11.sendKeys(Unknown Source)
	at com.raptor.pages.LoginPage.login(LoginPage.java:36)
	at com.raptor.base.TestBase.login(TestBase.java:104)
Caused by: org.openqa.selenium.NoSuchElementException: Unable to locate element: {&quot;method&quot;:&quot;xpath&quot;,&quot;selector&quot;:&quot;//*[@id=&apos;txtUsername&apos;]&quot;}
For documentation on this error, please visit: http://seleniumhq.org/exceptions/no_such_element.html
Build info: version: &apos;2.53.1&apos;, revision: &apos;a36b8b1cd5757287168e54b817830adce9b0158d&apos;, time: &apos;2016-06-30 19:26:09&apos;
System info: host: &apos;TSLC1081&apos;, ip: &apos;192.168.160.17&apos;, os.name: &apos;Windows 10&apos;, os.arch: &apos;amd64&apos;, os.version: &apos;10.0&apos;, java.version: &apos;1.8.0_121&apos;
Driver info: driver.version: unknown
	at &lt;anonymous class&gt;.FirefoxDriver.prototype.findElementInternal_(file:///C:/Users/shakti_p/AppData/Local/Temp/anonymous7564937840581316091webdriver-profile/extensions/fxdriver@googlecode.com/components/driver-component.js:10770)
	at &lt;anonymous class&gt;.fxdriver.Timer.prototype.setTimeout/&lt;.notify(file:///C:/Users/shakti_p/AppData/Local/Temp/anonymous7564937840581316091webdriver-profile/extensions/fxdriver@googlecode.com/components/driver-component.js:625)
... Removed 26 stack frames</div></td></tr></table><p class="totop"><a href="#summary">back to summary</a></p><h3 id="m31">com.raptor.testcases.SignInFacultyTest#facultyDelayedEntryTest</h3><table class="result"><tr class="param"><th>Parameter #1</th></tr><tr class="param stripe"><td>{RunMode=Y, SignOutTime=05:10 PM, SignInTime=10:10 AM, FacultyID=FAC102, RowNum=58, SignOutDate=09/07/2015, SignInDate=09/07/2015}</td></tr></table><p class="totop"><a href="#summary">back to summary</a></p><h3 id="m32">com.raptor.testcases.SignInFacultyTest#signInFacultyTest</h3><table class="result"><tr class="param"><th>Parameter #1</th></tr><tr class="param stripe"><td>{RunMode=Y, FacultyID=FAC101, RowNum=53}</td></tr></table><p class="totop"><a href="#summary">back to summary</a></p><h2>Faculty Sign Out Test</h2><h3 id="m33">com.raptor.testcases.ViewFacultyTest#logOut</h3><table class="result"><tr><th>Exception</th></tr><tr><td><div class="stacktrace">org.openqa.selenium.WebDriverException: Element is not clickable at point (642, 29). Other element would receive the click: &lt;div class=&quot;ModalBackground&quot; style=&quot;position: fixed; left: 0px; top: 0px; z-index: 10000; width: 1366px; height: 659px;&quot; id=&quot;BehaveQuick_backgroundElement&quot;&gt;&lt;/div&gt;
Command duration or timeout: 72 milliseconds
Build info: version: &apos;2.53.1&apos;, revision: &apos;a36b8b1cd5757287168e54b817830adce9b0158d&apos;, time: &apos;2016-06-30 19:26:09&apos;
System info: host: &apos;TSLC1081&apos;, ip: &apos;192.168.160.17&apos;, os.name: &apos;Windows 10&apos;, os.arch: &apos;amd64&apos;, os.version: &apos;10.0&apos;, java.version: &apos;1.8.0_121&apos;
Driver info: org.openqa.selenium.firefox.FirefoxDriver
Capabilities [{applicationCacheEnabled=true, rotatable=false, handlesAlerts=true, databaseEnabled=true, version=47.0.2, platform=WINDOWS, nativeEvents=false, acceptSslCerts=true, webStorageEnabled=true, locationContextEnabled=true, browserName=firefox, takesScreenshot=true, javascriptEnabled=true, cssSelectorsEnabled=true}]
Session ID: d7061433-ba5d-4958-91bc-59280651ebfe
	at org.openqa.selenium.remote.ErrorHandler.createThrowable(ErrorHandler.java:206)
	at org.openqa.selenium.remote.ErrorHandler.throwIfResponseFailed(ErrorHandler.java:158)
	at org.openqa.selenium.remote.RemoteWebDriver.execute(RemoteWebDriver.java:678)
	at org.openqa.selenium.remote.RemoteWebElement.execute(RemoteWebElement.java:327)
	at org.openqa.selenium.remote.RemoteWebElement.click(RemoteWebElement.java:85)
	at com.raptor.base.TestBase.logOut(TestBase.java:134)
... Removed 26 stack frames</div></td></tr></table><p class="totop"><a href="#summary">back to summary</a></p><h3 id="m34">com.raptor.testcases.ViewFacultyTest#login</h3><table class="result"><tr><th>Exception</th></tr><tr><td><div class="stacktrace">org.openqa.selenium.NoSuchElementException: Unable to locate element: {&quot;method&quot;:&quot;xpath&quot;,&quot;selector&quot;:&quot;//*[@id=&apos;txtUsername&apos;]&quot;}
Command duration or timeout: 30.05 seconds
For documentation on this error, please visit: http://seleniumhq.org/exceptions/no_such_element.html
Build info: version: &apos;2.53.1&apos;, revision: &apos;a36b8b1cd5757287168e54b817830adce9b0158d&apos;, time: &apos;2016-06-30 19:26:09&apos;
System info: host: &apos;TSLC1081&apos;, ip: &apos;192.168.160.17&apos;, os.name: &apos;Windows 10&apos;, os.arch: &apos;amd64&apos;, os.version: &apos;10.0&apos;, java.version: &apos;1.8.0_121&apos;
Driver info: org.openqa.selenium.firefox.FirefoxDriver
Capabilities [{applicationCacheEnabled=true, rotatable=false, handlesAlerts=true, databaseEnabled=true, version=47.0.2, platform=WINDOWS, nativeEvents=false, acceptSslCerts=true, webStorageEnabled=true, locationContextEnabled=true, browserName=firefox, takesScreenshot=true, javascriptEnabled=true, cssSelectorsEnabled=true}]
Session ID: d7061433-ba5d-4958-91bc-59280651ebfe
*** Element info: {Using=xpath, value=//*[@id=&apos;txtUsername&apos;]}
	at org.openqa.selenium.remote.ErrorHandler.createThrowable(ErrorHandler.java:206)
	at org.openqa.selenium.remote.ErrorHandler.throwIfResponseFailed(ErrorHandler.java:158)
	at org.openqa.selenium.remote.RemoteWebDriver.execute(RemoteWebDriver.java:678)
	at org.openqa.selenium.remote.RemoteWebDriver.findElement(RemoteWebDriver.java:363)
	at org.openqa.selenium.remote.RemoteWebDriver.findElementByXPath(RemoteWebDriver.java:500)
	at org.openqa.selenium.By$ByXPath.findElement(By.java:361)
	at org.openqa.selenium.remote.RemoteWebDriver.findElement(RemoteWebDriver.java:355)
	at org.openqa.selenium.support.pagefactory.DefaultElementLocator.findElement(DefaultElementLocator.java:69)
	at org.openqa.selenium.support.pagefactory.internal.LocatingElementHandler.invoke(LocatingElementHandler.java:38)
	at com.sun.proxy.$Proxy11.sendKeys(Unknown Source)
	at com.raptor.pages.LoginPage.login(LoginPage.java:36)
	at com.raptor.base.TestBase.login(TestBase.java:104)
Caused by: org.openqa.selenium.NoSuchElementException: Unable to locate element: {&quot;method&quot;:&quot;xpath&quot;,&quot;selector&quot;:&quot;//*[@id=&apos;txtUsername&apos;]&quot;}
For documentation on this error, please visit: http://seleniumhq.org/exceptions/no_such_element.html
Build info: version: &apos;2.53.1&apos;, revision: &apos;a36b8b1cd5757287168e54b817830adce9b0158d&apos;, time: &apos;2016-06-30 19:26:09&apos;
System info: host: &apos;TSLC1081&apos;, ip: &apos;192.168.160.17&apos;, os.name: &apos;Windows 10&apos;, os.arch: &apos;amd64&apos;, os.version: &apos;10.0&apos;, java.version: &apos;1.8.0_121&apos;
Driver info: driver.version: unknown
	at &lt;anonymous class&gt;.FirefoxDriver.prototype.findElementInternal_(file:///C:/Users/shakti_p/AppData/Local/Temp/anonymous7564937840581316091webdriver-profile/extensions/fxdriver@googlecode.com/components/driver-component.js:10770)
	at &lt;anonymous class&gt;.fxdriver.Timer.prototype.setTimeout/&lt;.notify(file:///C:/Users/shakti_p/AppData/Local/Temp/anonymous7564937840581316091webdriver-profile/extensions/fxdriver@googlecode.com/components/driver-component.js:625)
... Removed 26 stack frames</div></td></tr></table><p class="totop"><a href="#summary">back to summary</a></p><h3 id="m35">com.raptor.testcases.ViewFacultyTest#refreshViewVisitorPage</h3><table class="result"></table><p class="totop"><a href="#summary">back to summary</a></p><h3 id="m36">com.raptor.testcases.ViewFacultyTest#signOutFacultyTest</h3><table class="result"><tr class="param"><th>Parameter #1</th></tr><tr class="param stripe"><td>{RunMode=Y, RowNum=63, SignOutReason=Sick}</td></tr></table><p class="totop"><a href="#summary">back to summary</a></p><h2>Search Faculty Test</h2><h3 id="m37">com.raptor.testcases.SearchFacultyTest#logOut</h3><table class="result"><tr><th>Exception</th></tr><tr><td><div class="stacktrace">org.openqa.selenium.WebDriverException: Element is not clickable at point (642, 29). Other element would receive the click: &lt;div class=&quot;ModalBackground&quot; style=&quot;position: fixed; left: 0px; top: 0px; z-index: 10000; width: 1366px; height: 659px;&quot; id=&quot;BehaveQuick_backgroundElement&quot;&gt;&lt;/div&gt;
Command duration or timeout: 72 milliseconds
Build info: version: &apos;2.53.1&apos;, revision: &apos;a36b8b1cd5757287168e54b817830adce9b0158d&apos;, time: &apos;2016-06-30 19:26:09&apos;
System info: host: &apos;TSLC1081&apos;, ip: &apos;192.168.160.17&apos;, os.name: &apos;Windows 10&apos;, os.arch: &apos;amd64&apos;, os.version: &apos;10.0&apos;, java.version: &apos;1.8.0_121&apos;
Driver info: org.openqa.selenium.firefox.FirefoxDriver
Capabilities [{applicationCacheEnabled=true, rotatable=false, handlesAlerts=true, databaseEnabled=true, version=47.0.2, platform=WINDOWS, nativeEvents=false, acceptSslCerts=true, webStorageEnabled=true, locationContextEnabled=true, browserName=firefox, takesScreenshot=true, javascriptEnabled=true, cssSelectorsEnabled=true}]
Session ID: d7061433-ba5d-4958-91bc-59280651ebfe
	at org.openqa.selenium.remote.ErrorHandler.createThrowable(ErrorHandler.java:206)
	at org.openqa.selenium.remote.ErrorHandler.throwIfResponseFailed(ErrorHandler.java:158)
	at org.openqa.selenium.remote.RemoteWebDriver.execute(RemoteWebDriver.java:678)
	at org.openqa.selenium.remote.RemoteWebElement.execute(RemoteWebElement.java:327)
	at org.openqa.selenium.remote.RemoteWebElement.click(RemoteWebElement.java:85)
	at com.raptor.base.TestBase.logOut(TestBase.java:134)
... Removed 26 stack frames</div></td></tr></table><p class="totop"><a href="#summary">back to summary</a></p><h3 id="m38">com.raptor.testcases.SearchFacultyTest#login</h3><table class="result"><tr><th>Exception</th></tr><tr><td><div class="stacktrace">org.openqa.selenium.NoSuchElementException: Unable to locate element: {&quot;method&quot;:&quot;xpath&quot;,&quot;selector&quot;:&quot;//*[@id=&apos;txtUsername&apos;]&quot;}
Command duration or timeout: 30.03 seconds
For documentation on this error, please visit: http://seleniumhq.org/exceptions/no_such_element.html
Build info: version: &apos;2.53.1&apos;, revision: &apos;a36b8b1cd5757287168e54b817830adce9b0158d&apos;, time: &apos;2016-06-30 19:26:09&apos;
System info: host: &apos;TSLC1081&apos;, ip: &apos;192.168.160.17&apos;, os.name: &apos;Windows 10&apos;, os.arch: &apos;amd64&apos;, os.version: &apos;10.0&apos;, java.version: &apos;1.8.0_121&apos;
Driver info: org.openqa.selenium.firefox.FirefoxDriver
Capabilities [{applicationCacheEnabled=true, rotatable=false, handlesAlerts=true, databaseEnabled=true, version=47.0.2, platform=WINDOWS, nativeEvents=false, acceptSslCerts=true, webStorageEnabled=true, locationContextEnabled=true, browserName=firefox, takesScreenshot=true, javascriptEnabled=true, cssSelectorsEnabled=true}]
Session ID: d7061433-ba5d-4958-91bc-59280651ebfe
*** Element info: {Using=xpath, value=//*[@id=&apos;txtUsername&apos;]}
	at org.openqa.selenium.remote.ErrorHandler.createThrowable(ErrorHandler.java:206)
	at org.openqa.selenium.remote.ErrorHandler.throwIfResponseFailed(ErrorHandler.java:158)
	at org.openqa.selenium.remote.RemoteWebDriver.execute(RemoteWebDriver.java:678)
	at org.openqa.selenium.remote.RemoteWebDriver.findElement(RemoteWebDriver.java:363)
	at org.openqa.selenium.remote.RemoteWebDriver.findElementByXPath(RemoteWebDriver.java:500)
	at org.openqa.selenium.By$ByXPath.findElement(By.java:361)
	at org.openqa.selenium.remote.RemoteWebDriver.findElement(RemoteWebDriver.java:355)
	at org.openqa.selenium.support.pagefactory.DefaultElementLocator.findElement(DefaultElementLocator.java:69)
	at org.openqa.selenium.support.pagefactory.internal.LocatingElementHandler.invoke(LocatingElementHandler.java:38)
	at com.sun.proxy.$Proxy11.sendKeys(Unknown Source)
	at com.raptor.pages.LoginPage.login(LoginPage.java:36)
	at com.raptor.base.TestBase.login(TestBase.java:104)
Caused by: org.openqa.selenium.NoSuchElementException: Unable to locate element: {&quot;method&quot;:&quot;xpath&quot;,&quot;selector&quot;:&quot;//*[@id=&apos;txtUsername&apos;]&quot;}
For documentation on this error, please visit: http://seleniumhq.org/exceptions/no_such_element.html
Build info: version: &apos;2.53.1&apos;, revision: &apos;a36b8b1cd5757287168e54b817830adce9b0158d&apos;, time: &apos;2016-06-30 19:26:09&apos;
System info: host: &apos;TSLC1081&apos;, ip: &apos;192.168.160.17&apos;, os.name: &apos;Windows 10&apos;, os.arch: &apos;amd64&apos;, os.version: &apos;10.0&apos;, java.version: &apos;1.8.0_121&apos;
Driver info: driver.version: unknown
	at &lt;anonymous class&gt;.FirefoxDriver.prototype.findElementInternal_(file:///C:/Users/shakti_p/AppData/Local/Temp/anonymous7564937840581316091webdriver-profile/extensions/fxdriver@googlecode.com/components/driver-component.js:10770)
	at &lt;anonymous class&gt;.fxdriver.Timer.prototype.setTimeout/&lt;.notify(file:///C:/Users/shakti_p/AppData/Local/Temp/anonymous7564937840581316091webdriver-profile/extensions/fxdriver@googlecode.com/components/driver-component.js:625)
... Removed 26 stack frames</div></td></tr></table><p class="totop"><a href="#summary">back to summary</a></p><h3 id="m39">com.raptor.testcases.SearchFacultyTest#advancedSearch_Faculty</h3><table class="result"><tr class="param"><th>Parameter #1</th></tr><tr class="param stripe"><td>{RowNum=73, AdvStartDate=02/02/2015, AdvSortBy=First Name, AdvSortOrder=Descending, AdvSearchTextBox=s, AdvSearchTerm=First Name, RunMode=Y, AdvSearchCriteria=contains, AdvEndDate=01/01/2016}</td></tr></table><p class="totop"><a href="#summary">back to summary</a></p><h3 id="m40">com.raptor.testcases.SearchFacultyTest#basicSearch_Faculty</h3><table class="result"><tr class="param"><th>Parameter #1</th></tr><tr class="param stripe"><td>{SearchStartDate=03/26/2015, SearchEndDate=01/01/2016, RunMode=Y, FacultyID=FacultyFSD1, RowNum=68}</td></tr></table><p class="totop"><a href="#summary">back to summary</a></p><h2>Faculty Reports Test</h2><h3 id="m41">com.raptor.testcases.FacultyReportsTest#logOut</h3><table class="result"><tr><th>Exception</th></tr><tr><td><div class="stacktrace">org.openqa.selenium.WebDriverException: Element is not clickable at point (642, 29). Other element would receive the click: &lt;div class=&quot;ModalBackground&quot; style=&quot;position: fixed; left: 0px; top: 0px; z-index: 10000; width: 1366px; height: 659px;&quot; id=&quot;BehaveQuick_backgroundElement&quot;&gt;&lt;/div&gt;
Command duration or timeout: 67 milliseconds
Build info: version: &apos;2.53.1&apos;, revision: &apos;a36b8b1cd5757287168e54b817830adce9b0158d&apos;, time: &apos;2016-06-30 19:26:09&apos;
System info: host: &apos;TSLC1081&apos;, ip: &apos;192.168.160.17&apos;, os.name: &apos;Windows 10&apos;, os.arch: &apos;amd64&apos;, os.version: &apos;10.0&apos;, java.version: &apos;1.8.0_121&apos;
Driver info: org.openqa.selenium.firefox.FirefoxDriver
Capabilities [{applicationCacheEnabled=true, rotatable=false, handlesAlerts=true, databaseEnabled=true, version=47.0.2, platform=WINDOWS, nativeEvents=false, acceptSslCerts=true, webStorageEnabled=true, locationContextEnabled=true, browserName=firefox, takesScreenshot=true, javascriptEnabled=true, cssSelectorsEnabled=true}]
Session ID: d7061433-ba5d-4958-91bc-59280651ebfe
	at org.openqa.selenium.remote.ErrorHandler.createThrowable(ErrorHandler.java:206)
	at org.openqa.selenium.remote.ErrorHandler.throwIfResponseFailed(ErrorHandler.java:158)
	at org.openqa.selenium.remote.RemoteWebDriver.execute(RemoteWebDriver.java:678)
	at org.openqa.selenium.remote.RemoteWebElement.execute(RemoteWebElement.java:327)
	at org.openqa.selenium.remote.RemoteWebElement.click(RemoteWebElement.java:85)
	at com.raptor.base.TestBase.logOut(TestBase.java:134)
... Removed 26 stack frames</div></td></tr></table><p class="totop"><a href="#summary">back to summary</a></p><h3 id="m42">com.raptor.testcases.FacultyReportsTest#login</h3><table class="result"><tr><th>Exception</th></tr><tr><td><div class="stacktrace">org.openqa.selenium.NoSuchElementException: Unable to locate element: {&quot;method&quot;:&quot;xpath&quot;,&quot;selector&quot;:&quot;//*[@id=&apos;txtUsername&apos;]&quot;}
Command duration or timeout: 30.03 seconds
For documentation on this error, please visit: http://seleniumhq.org/exceptions/no_such_element.html
Build info: version: &apos;2.53.1&apos;, revision: &apos;a36b8b1cd5757287168e54b817830adce9b0158d&apos;, time: &apos;2016-06-30 19:26:09&apos;
System info: host: &apos;TSLC1081&apos;, ip: &apos;192.168.160.17&apos;, os.name: &apos;Windows 10&apos;, os.arch: &apos;amd64&apos;, os.version: &apos;10.0&apos;, java.version: &apos;1.8.0_121&apos;
Driver info: org.openqa.selenium.firefox.FirefoxDriver
Capabilities [{applicationCacheEnabled=true, rotatable=false, handlesAlerts=true, databaseEnabled=true, version=47.0.2, platform=WINDOWS, nativeEvents=false, acceptSslCerts=true, webStorageEnabled=true, locationContextEnabled=true, browserName=firefox, takesScreenshot=true, javascriptEnabled=true, cssSelectorsEnabled=true}]
Session ID: d7061433-ba5d-4958-91bc-59280651ebfe
*** Element info: {Using=xpath, value=//*[@id=&apos;txtUsername&apos;]}
	at org.openqa.selenium.remote.ErrorHandler.createThrowable(ErrorHandler.java:206)
	at org.openqa.selenium.remote.ErrorHandler.throwIfResponseFailed(ErrorHandler.java:158)
	at org.openqa.selenium.remote.RemoteWebDriver.execute(RemoteWebDriver.java:678)
	at org.openqa.selenium.remote.RemoteWebDriver.findElement(RemoteWebDriver.java:363)
	at org.openqa.selenium.remote.RemoteWebDriver.findElementByXPath(RemoteWebDriver.java:500)
	at org.openqa.selenium.By$ByXPath.findElement(By.java:361)
	at org.openqa.selenium.remote.RemoteWebDriver.findElement(RemoteWebDriver.java:355)
	at org.openqa.selenium.support.pagefactory.DefaultElementLocator.findElement(DefaultElementLocator.java:69)
	at org.openqa.selenium.support.pagefactory.internal.LocatingElementHandler.invoke(LocatingElementHandler.java:38)
	at com.sun.proxy.$Proxy11.sendKeys(Unknown Source)
	at com.raptor.pages.LoginPage.login(LoginPage.java:36)
	at com.raptor.base.TestBase.login(TestBase.java:104)
Caused by: org.openqa.selenium.NoSuchElementException: Unable to locate element: {&quot;method&quot;:&quot;xpath&quot;,&quot;selector&quot;:&quot;//*[@id=&apos;txtUsername&apos;]&quot;}
For documentation on this error, please visit: http://seleniumhq.org/exceptions/no_such_element.html
Build info: version: &apos;2.53.1&apos;, revision: &apos;a36b8b1cd5757287168e54b817830adce9b0158d&apos;, time: &apos;2016-06-30 19:26:09&apos;
System info: host: &apos;TSLC1081&apos;, ip: &apos;192.168.160.17&apos;, os.name: &apos;Windows 10&apos;, os.arch: &apos;amd64&apos;, os.version: &apos;10.0&apos;, java.version: &apos;1.8.0_121&apos;
Driver info: driver.version: unknown
	at &lt;anonymous class&gt;.FirefoxDriver.prototype.findElementInternal_(file:///C:/Users/shakti_p/AppData/Local/Temp/anonymous7564937840581316091webdriver-profile/extensions/fxdriver@googlecode.com/components/driver-component.js:10770)
	at &lt;anonymous class&gt;.fxdriver.Timer.prototype.setTimeout/&lt;.notify(file:///C:/Users/shakti_p/AppData/Local/Temp/anonymous7564937840581316091webdriver-profile/extensions/fxdriver@googlecode.com/components/driver-component.js:625)
... Removed 26 stack frames</div></td></tr></table><p class="totop"><a href="#summary">back to summary</a></p><h3 id="m43">com.raptor.testcases.FacultyReportsTest#FacultySignInByDateReportTest</h3><table class="result"></table><p class="totop"><a href="#summary">back to summary</a></p><h2>Sign In Volunteer Test</h2><h3 id="m44">com.raptor.testcases.SignInVolunteerTest#logOut</h3><table class="result"><tr><th>Exception</th></tr><tr><td><div class="stacktrace">org.openqa.selenium.WebDriverException: Element is not clickable at point (642, 29). Other element would receive the click: &lt;div class=&quot;ModalBackground&quot; style=&quot;position: fixed; left: 0px; top: 0px; z-index: 10000; width: 1366px; height: 659px;&quot; id=&quot;BehaveQuick_backgroundElement&quot;&gt;&lt;/div&gt;
Command duration or timeout: 68 milliseconds
Build info: version: &apos;2.53.1&apos;, revision: &apos;a36b8b1cd5757287168e54b817830adce9b0158d&apos;, time: &apos;2016-06-30 19:26:09&apos;
System info: host: &apos;TSLC1081&apos;, ip: &apos;192.168.160.17&apos;, os.name: &apos;Windows 10&apos;, os.arch: &apos;amd64&apos;, os.version: &apos;10.0&apos;, java.version: &apos;1.8.0_121&apos;
Driver info: org.openqa.selenium.firefox.FirefoxDriver
Capabilities [{applicationCacheEnabled=true, rotatable=false, handlesAlerts=true, databaseEnabled=true, version=47.0.2, platform=WINDOWS, nativeEvents=false, acceptSslCerts=true, webStorageEnabled=true, locationContextEnabled=true, browserName=firefox, takesScreenshot=true, javascriptEnabled=true, cssSelectorsEnabled=true}]
Session ID: d7061433-ba5d-4958-91bc-59280651ebfe
	at org.openqa.selenium.remote.ErrorHandler.createThrowable(ErrorHandler.java:206)
	at org.openqa.selenium.remote.ErrorHandler.throwIfResponseFailed(ErrorHandler.java:158)
	at org.openqa.selenium.remote.RemoteWebDriver.execute(RemoteWebDriver.java:678)
	at org.openqa.selenium.remote.RemoteWebElement.execute(RemoteWebElement.java:327)
	at org.openqa.selenium.remote.RemoteWebElement.click(RemoteWebElement.java:85)
	at com.raptor.base.TestBase.logOut(TestBase.java:134)
... Removed 26 stack frames</div></td></tr></table><p class="totop"><a href="#summary">back to summary</a></p><h3 id="m45">com.raptor.testcases.SignInVolunteerTest#login</h3><table class="result"><tr><th>Exception</th></tr><tr><td><div class="stacktrace">org.openqa.selenium.NoSuchElementException: Unable to locate element: {&quot;method&quot;:&quot;xpath&quot;,&quot;selector&quot;:&quot;//*[@id=&apos;txtUsername&apos;]&quot;}
Command duration or timeout: 30.04 seconds
For documentation on this error, please visit: http://seleniumhq.org/exceptions/no_such_element.html
Build info: version: &apos;2.53.1&apos;, revision: &apos;a36b8b1cd5757287168e54b817830adce9b0158d&apos;, time: &apos;2016-06-30 19:26:09&apos;
System info: host: &apos;TSLC1081&apos;, ip: &apos;192.168.160.17&apos;, os.name: &apos;Windows 10&apos;, os.arch: &apos;amd64&apos;, os.version: &apos;10.0&apos;, java.version: &apos;1.8.0_121&apos;
Driver info: org.openqa.selenium.firefox.FirefoxDriver
Capabilities [{applicationCacheEnabled=true, rotatable=false, handlesAlerts=true, databaseEnabled=true, version=47.0.2, platform=WINDOWS, nativeEvents=false, acceptSslCerts=true, webStorageEnabled=true, locationContextEnabled=true, browserName=firefox, takesScreenshot=true, javascriptEnabled=true, cssSelectorsEnabled=true}]
Session ID: d7061433-ba5d-4958-91bc-59280651ebfe
*** Element info: {Using=xpath, value=//*[@id=&apos;txtUsername&apos;]}
	at org.openqa.selenium.remote.ErrorHandler.createThrowable(ErrorHandler.java:206)
	at org.openqa.selenium.remote.ErrorHandler.throwIfResponseFailed(ErrorHandler.java:158)
	at org.openqa.selenium.remote.RemoteWebDriver.execute(RemoteWebDriver.java:678)
	at org.openqa.selenium.remote.RemoteWebDriver.findElement(RemoteWebDriver.java:363)
	at org.openqa.selenium.remote.RemoteWebDriver.findElementByXPath(RemoteWebDriver.java:500)
	at org.openqa.selenium.By$ByXPath.findElement(By.java:361)
	at org.openqa.selenium.remote.RemoteWebDriver.findElement(RemoteWebDriver.java:355)
	at org.openqa.selenium.support.pagefactory.DefaultElementLocator.findElement(DefaultElementLocator.java:69)
	at org.openqa.selenium.support.pagefactory.internal.LocatingElementHandler.invoke(LocatingElementHandler.java:38)
	at com.sun.proxy.$Proxy11.sendKeys(Unknown Source)
	at com.raptor.pages.LoginPage.login(LoginPage.java:36)
	at com.raptor.base.TestBase.login(TestBase.java:104)
Caused by: org.openqa.selenium.NoSuchElementException: Unable to locate element: {&quot;method&quot;:&quot;xpath&quot;,&quot;selector&quot;:&quot;//*[@id=&apos;txtUsername&apos;]&quot;}
For documentation on this error, please visit: http://seleniumhq.org/exceptions/no_such_element.html
Build info: version: &apos;2.53.1&apos;, revision: &apos;a36b8b1cd5757287168e54b817830adce9b0158d&apos;, time: &apos;2016-06-30 19:26:09&apos;
System info: host: &apos;TSLC1081&apos;, ip: &apos;192.168.160.17&apos;, os.name: &apos;Windows 10&apos;, os.arch: &apos;amd64&apos;, os.version: &apos;10.0&apos;, java.version: &apos;1.8.0_121&apos;
Driver info: driver.version: unknown
	at &lt;anonymous class&gt;.FirefoxDriver.prototype.findElementInternal_(file:///C:/Users/shakti_p/AppData/Local/Temp/anonymous7564937840581316091webdriver-profile/extensions/fxdriver@googlecode.com/components/driver-component.js:10770)
	at &lt;anonymous class&gt;.fxdriver.Timer.prototype.setTimeout/&lt;.notify(file:///C:/Users/shakti_p/AppData/Local/Temp/anonymous7564937840581316091webdriver-profile/extensions/fxdriver@googlecode.com/components/driver-component.js:625)
... Removed 26 stack frames</div></td></tr></table><p class="totop"><a href="#summary">back to summary</a></p><h3 id="m46">com.raptor.testcases.SignInVolunteerTest#signInVolunteerTest</h3><table class="result"><tr class="param"><th>Parameter #1</th></tr><tr class="param stripe"><td>{Function=Tutor, Organization=Other, RunMode=Y, Affilation=Parent, RowNum=78, VolunteerName=Mark}</td></tr></table><p class="totop"><a href="#summary">back to summary</a></p><h3 id="m47">com.raptor.testcases.SignInVolunteerTest#volunteerDelayedEntryTest</h3><table class="result"><tr class="param"><th>Parameter #1</th></tr><tr class="param stripe"><td>{RowNum=83, VolunteerName=Mark, Function=Tutor, SignInDate=01/06/2016, SignInTime=1010A, Affilation=Parent, SignOutDate=01/06/2016, SignOutTime=1111P, RunMode=Y, Organization=Other}</td></tr></table><p class="totop"><a href="#summary">back to summary</a></p><h2>Create Volunteer Test</h2><h3 id="m48">com.raptor.testcases.CreateVolunteerTest#logOut</h3><table class="result"><tr><th>Exception</th></tr><tr><td><div class="stacktrace">org.openqa.selenium.WebDriverException: Element is not clickable at point (642, 29). Other element would receive the click: &lt;div class=&quot;ModalBackground&quot; style=&quot;position: fixed; left: 0px; top: 0px; z-index: 10000; width: 1366px; height: 659px;&quot; id=&quot;BehaveQuick_backgroundElement&quot;&gt;&lt;/div&gt;
Command duration or timeout: 67 milliseconds
Build info: version: &apos;2.53.1&apos;, revision: &apos;a36b8b1cd5757287168e54b817830adce9b0158d&apos;, time: &apos;2016-06-30 19:26:09&apos;
System info: host: &apos;TSLC1081&apos;, ip: &apos;192.168.160.17&apos;, os.name: &apos;Windows 10&apos;, os.arch: &apos;amd64&apos;, os.version: &apos;10.0&apos;, java.version: &apos;1.8.0_121&apos;
Driver info: org.openqa.selenium.firefox.FirefoxDriver
Capabilities [{applicationCacheEnabled=true, rotatable=false, handlesAlerts=true, databaseEnabled=true, version=47.0.2, platform=WINDOWS, nativeEvents=false, acceptSslCerts=true, webStorageEnabled=true, locationContextEnabled=true, browserName=firefox, takesScreenshot=true, javascriptEnabled=true, cssSelectorsEnabled=true}]
Session ID: d7061433-ba5d-4958-91bc-59280651ebfe
	at org.openqa.selenium.remote.ErrorHandler.createThrowable(ErrorHandler.java:206)
	at org.openqa.selenium.remote.ErrorHandler.throwIfResponseFailed(ErrorHandler.java:158)
	at org.openqa.selenium.remote.RemoteWebDriver.execute(RemoteWebDriver.java:678)
	at org.openqa.selenium.remote.RemoteWebElement.execute(RemoteWebElement.java:327)
	at org.openqa.selenium.remote.RemoteWebElement.click(RemoteWebElement.java:85)
	at com.raptor.base.TestBase.logOut(TestBase.java:134)
... Removed 26 stack frames</div></td></tr></table><p class="totop"><a href="#summary">back to summary</a></p><h3 id="m49">com.raptor.testcases.CreateVolunteerTest#login</h3><table class="result"><tr><th>Exception</th></tr><tr><td><div class="stacktrace">org.openqa.selenium.NoSuchElementException: Unable to locate element: {&quot;method&quot;:&quot;xpath&quot;,&quot;selector&quot;:&quot;//*[@id=&apos;txtUsername&apos;]&quot;}
Command duration or timeout: 30.09 seconds
For documentation on this error, please visit: http://seleniumhq.org/exceptions/no_such_element.html
Build info: version: &apos;2.53.1&apos;, revision: &apos;a36b8b1cd5757287168e54b817830adce9b0158d&apos;, time: &apos;2016-06-30 19:26:09&apos;
System info: host: &apos;TSLC1081&apos;, ip: &apos;192.168.160.17&apos;, os.name: &apos;Windows 10&apos;, os.arch: &apos;amd64&apos;, os.version: &apos;10.0&apos;, java.version: &apos;1.8.0_121&apos;
Driver info: org.openqa.selenium.firefox.FirefoxDriver
Capabilities [{applicationCacheEnabled=true, rotatable=false, handlesAlerts=true, databaseEnabled=true, version=47.0.2, platform=WINDOWS, nativeEvents=false, acceptSslCerts=true, webStorageEnabled=true, locationContextEnabled=true, browserName=firefox, takesScreenshot=true, javascriptEnabled=true, cssSelectorsEnabled=true}]
Session ID: d7061433-ba5d-4958-91bc-59280651ebfe
*** Element info: {Using=xpath, value=//*[@id=&apos;txtUsername&apos;]}
	at org.openqa.selenium.remote.ErrorHandler.createThrowable(ErrorHandler.java:206)
	at org.openqa.selenium.remote.ErrorHandler.throwIfResponseFailed(ErrorHandler.java:158)
	at org.openqa.selenium.remote.RemoteWebDriver.execute(RemoteWebDriver.java:678)
	at org.openqa.selenium.remote.RemoteWebDriver.findElement(RemoteWebDriver.java:363)
	at org.openqa.selenium.remote.RemoteWebDriver.findElementByXPath(RemoteWebDriver.java:500)
	at org.openqa.selenium.By$ByXPath.findElement(By.java:361)
	at org.openqa.selenium.remote.RemoteWebDriver.findElement(RemoteWebDriver.java:355)
	at org.openqa.selenium.support.pagefactory.DefaultElementLocator.findElement(DefaultElementLocator.java:69)
	at org.openqa.selenium.support.pagefactory.internal.LocatingElementHandler.invoke(LocatingElementHandler.java:38)
	at com.sun.proxy.$Proxy11.sendKeys(Unknown Source)
	at com.raptor.pages.LoginPage.login(LoginPage.java:36)
	at com.raptor.base.TestBase.login(TestBase.java:104)
Caused by: org.openqa.selenium.NoSuchElementException: Unable to locate element: {&quot;method&quot;:&quot;xpath&quot;,&quot;selector&quot;:&quot;//*[@id=&apos;txtUsername&apos;]&quot;}
For documentation on this error, please visit: http://seleniumhq.org/exceptions/no_such_element.html
Build info: version: &apos;2.53.1&apos;, revision: &apos;a36b8b1cd5757287168e54b817830adce9b0158d&apos;, time: &apos;2016-06-30 19:26:09&apos;
System info: host: &apos;TSLC1081&apos;, ip: &apos;192.168.160.17&apos;, os.name: &apos;Windows 10&apos;, os.arch: &apos;amd64&apos;, os.version: &apos;10.0&apos;, java.version: &apos;1.8.0_121&apos;
Driver info: driver.version: unknown
	at &lt;anonymous class&gt;.FirefoxDriver.prototype.findElementInternal_(file:///C:/Users/shakti_p/AppData/Local/Temp/anonymous7564937840581316091webdriver-profile/extensions/fxdriver@googlecode.com/components/driver-component.js:10770)
	at &lt;anonymous class&gt;.fxdriver.Timer.prototype.setTimeout/&lt;.notify(file:///C:/Users/shakti_p/AppData/Local/Temp/anonymous7564937840581316091webdriver-profile/extensions/fxdriver@googlecode.com/components/driver-component.js:625)
... Removed 26 stack frames</div></td></tr></table><p class="totop"><a href="#summary">back to summary</a></p><h3 id="m50">com.raptor.testcases.CreateVolunteerTest#signInVolunteerTest</h3><table class="result"><tr class="param"><th>Parameter #1</th></tr><tr class="param stripe"><td>{RowNum=88, VolDOB=01/03/1990, Vol_Address=Add12, Vol_ZIP=70023, Vol_Email=test@test.com, Vol_Gender=Male, VolFirstName=Shakti, VolLastName=Pattnayak, Vol_City=Houston, Vol_Mobile=8901125663, RunMode=Y, Vol_Home=test, Vol_Work=worktest, Vol_ExpDate=03/31/2016, Vol_LIC_NO=T102}</td></tr></table><p class="totop"><a href="#summary">back to summary</a></p><h2>View Volunteer Test</h2><h3 id="m51">com.raptor.testcases.ViewVolunteerTest#logOut</h3><table class="result"><tr><th>Exception</th></tr><tr><td><div class="stacktrace">org.openqa.selenium.WebDriverException: Element is not clickable at point (642, 29). Other element would receive the click: &lt;div class=&quot;ModalBackground&quot; style=&quot;position: fixed; left: 0px; top: 0px; z-index: 10000; width: 1366px; height: 659px;&quot; id=&quot;BehaveQuick_backgroundElement&quot;&gt;&lt;/div&gt;
Command duration or timeout: 66 milliseconds
Build info: version: &apos;2.53.1&apos;, revision: &apos;a36b8b1cd5757287168e54b817830adce9b0158d&apos;, time: &apos;2016-06-30 19:26:09&apos;
System info: host: &apos;TSLC1081&apos;, ip: &apos;192.168.160.17&apos;, os.name: &apos;Windows 10&apos;, os.arch: &apos;amd64&apos;, os.version: &apos;10.0&apos;, java.version: &apos;1.8.0_121&apos;
Driver info: org.openqa.selenium.firefox.FirefoxDriver
Capabilities [{applicationCacheEnabled=true, rotatable=false, handlesAlerts=true, databaseEnabled=true, version=47.0.2, platform=WINDOWS, nativeEvents=false, acceptSslCerts=true, webStorageEnabled=true, locationContextEnabled=true, browserName=firefox, takesScreenshot=true, javascriptEnabled=true, cssSelectorsEnabled=true}]
Session ID: d7061433-ba5d-4958-91bc-59280651ebfe
	at org.openqa.selenium.remote.ErrorHandler.createThrowable(ErrorHandler.java:206)
	at org.openqa.selenium.remote.ErrorHandler.throwIfResponseFailed(ErrorHandler.java:158)
	at org.openqa.selenium.remote.RemoteWebDriver.execute(RemoteWebDriver.java:678)
	at org.openqa.selenium.remote.RemoteWebElement.execute(RemoteWebElement.java:327)
	at org.openqa.selenium.remote.RemoteWebElement.click(RemoteWebElement.java:85)
	at com.raptor.base.TestBase.logOut(TestBase.java:134)
... Removed 26 stack frames</div></td></tr></table><p class="totop"><a href="#summary">back to summary</a></p><h3 id="m52">com.raptor.testcases.ViewVolunteerTest#login</h3><table class="result"><tr><th>Exception</th></tr><tr><td><div class="stacktrace">org.openqa.selenium.NoSuchElementException: Unable to locate element: {&quot;method&quot;:&quot;xpath&quot;,&quot;selector&quot;:&quot;//*[@id=&apos;txtUsername&apos;]&quot;}
Command duration or timeout: 30.12 seconds
For documentation on this error, please visit: http://seleniumhq.org/exceptions/no_such_element.html
Build info: version: &apos;2.53.1&apos;, revision: &apos;a36b8b1cd5757287168e54b817830adce9b0158d&apos;, time: &apos;2016-06-30 19:26:09&apos;
System info: host: &apos;TSLC1081&apos;, ip: &apos;192.168.160.17&apos;, os.name: &apos;Windows 10&apos;, os.arch: &apos;amd64&apos;, os.version: &apos;10.0&apos;, java.version: &apos;1.8.0_121&apos;
Driver info: org.openqa.selenium.firefox.FirefoxDriver
Capabilities [{applicationCacheEnabled=true, rotatable=false, handlesAlerts=true, databaseEnabled=true, version=47.0.2, platform=WINDOWS, nativeEvents=false, acceptSslCerts=true, webStorageEnabled=true, locationContextEnabled=true, browserName=firefox, takesScreenshot=true, javascriptEnabled=true, cssSelectorsEnabled=true}]
Session ID: d7061433-ba5d-4958-91bc-59280651ebfe
*** Element info: {Using=xpath, value=//*[@id=&apos;txtUsername&apos;]}
	at org.openqa.selenium.remote.ErrorHandler.createThrowable(ErrorHandler.java:206)
	at org.openqa.selenium.remote.ErrorHandler.throwIfResponseFailed(ErrorHandler.java:158)
	at org.openqa.selenium.remote.RemoteWebDriver.execute(RemoteWebDriver.java:678)
	at org.openqa.selenium.remote.RemoteWebDriver.findElement(RemoteWebDriver.java:363)
	at org.openqa.selenium.remote.RemoteWebDriver.findElementByXPath(RemoteWebDriver.java:500)
	at org.openqa.selenium.By$ByXPath.findElement(By.java:361)
	at org.openqa.selenium.remote.RemoteWebDriver.findElement(RemoteWebDriver.java:355)
	at org.openqa.selenium.support.pagefactory.DefaultElementLocator.findElement(DefaultElementLocator.java:69)
	at org.openqa.selenium.support.pagefactory.internal.LocatingElementHandler.invoke(LocatingElementHandler.java:38)
	at com.sun.proxy.$Proxy11.sendKeys(Unknown Source)
	at com.raptor.pages.LoginPage.login(LoginPage.java:36)
	at com.raptor.base.TestBase.login(TestBase.java:104)
Caused by: org.openqa.selenium.NoSuchElementException: Unable to locate element: {&quot;method&quot;:&quot;xpath&quot;,&quot;selector&quot;:&quot;//*[@id=&apos;txtUsername&apos;]&quot;}
For documentation on this error, please visit: http://seleniumhq.org/exceptions/no_such_element.html
Build info: version: &apos;2.53.1&apos;, revision: &apos;a36b8b1cd5757287168e54b817830adce9b0158d&apos;, time: &apos;2016-06-30 19:26:09&apos;
System info: host: &apos;TSLC1081&apos;, ip: &apos;192.168.160.17&apos;, os.name: &apos;Windows 10&apos;, os.arch: &apos;amd64&apos;, os.version: &apos;10.0&apos;, java.version: &apos;1.8.0_121&apos;
Driver info: driver.version: unknown
	at &lt;anonymous class&gt;.FirefoxDriver.prototype.findElementInternal_(file:///C:/Users/shakti_p/AppData/Local/Temp/anonymous7564937840581316091webdriver-profile/extensions/fxdriver@googlecode.com/components/driver-component.js:10770)
	at &lt;anonymous class&gt;.fxdriver.Timer.prototype.setTimeout/&lt;.notify(file:///C:/Users/shakti_p/AppData/Local/Temp/anonymous7564937840581316091webdriver-profile/extensions/fxdriver@googlecode.com/components/driver-component.js:625)
... Removed 26 stack frames</div></td></tr></table><p class="totop"><a href="#summary">back to summary</a></p><h3 id="m53">com.raptor.testcases.ViewVolunteerTest#refreshViewVolunteerPage</h3><table class="result"></table><p class="totop"><a href="#summary">back to summary</a></p><h3 id="m54">com.raptor.testcases.ViewVolunteerTest#signOutVolunteerTest</h3><table class="result"></table><p class="totop"><a href="#summary">back to summary</a></p><h2>Search Volunteer Test</h2><h3 id="m55">com.raptor.testcases.SearchVolunteerTest#logOut</h3><table class="result"><tr><th>Exception</th></tr><tr><td><div class="stacktrace">org.openqa.selenium.WebDriverException: Element is not clickable at point (642, 29). Other element would receive the click: &lt;div class=&quot;ModalBackground&quot; style=&quot;position: fixed; left: 0px; top: 0px; z-index: 10000; width: 1366px; height: 659px;&quot; id=&quot;BehaveQuick_backgroundElement&quot;&gt;&lt;/div&gt;
Command duration or timeout: 66 milliseconds
Build info: version: &apos;2.53.1&apos;, revision: &apos;a36b8b1cd5757287168e54b817830adce9b0158d&apos;, time: &apos;2016-06-30 19:26:09&apos;
System info: host: &apos;TSLC1081&apos;, ip: &apos;192.168.160.17&apos;, os.name: &apos;Windows 10&apos;, os.arch: &apos;amd64&apos;, os.version: &apos;10.0&apos;, java.version: &apos;1.8.0_121&apos;
Driver info: org.openqa.selenium.firefox.FirefoxDriver
Capabilities [{applicationCacheEnabled=true, rotatable=false, handlesAlerts=true, databaseEnabled=true, version=47.0.2, platform=WINDOWS, nativeEvents=false, acceptSslCerts=true, webStorageEnabled=true, locationContextEnabled=true, browserName=firefox, takesScreenshot=true, javascriptEnabled=true, cssSelectorsEnabled=true}]
Session ID: d7061433-ba5d-4958-91bc-59280651ebfe
	at org.openqa.selenium.remote.ErrorHandler.createThrowable(ErrorHandler.java:206)
	at org.openqa.selenium.remote.ErrorHandler.throwIfResponseFailed(ErrorHandler.java:158)
	at org.openqa.selenium.remote.RemoteWebDriver.execute(RemoteWebDriver.java:678)
	at org.openqa.selenium.remote.RemoteWebElement.execute(RemoteWebElement.java:327)
	at org.openqa.selenium.remote.RemoteWebElement.click(RemoteWebElement.java:85)
	at com.raptor.base.TestBase.logOut(TestBase.java:134)
... Removed 25 stack frames</div></td></tr></table><p class="totop"><a href="#summary">back to summary</a></p><h3 id="m56">com.raptor.testcases.SearchVolunteerTest#login</h3><table class="result"><tr><th>Exception</th></tr><tr><td><div class="stacktrace">org.openqa.selenium.NoSuchElementException: Unable to locate element: {&quot;method&quot;:&quot;xpath&quot;,&quot;selector&quot;:&quot;//*[@id=&apos;txtUsername&apos;]&quot;}
Command duration or timeout: 30.06 seconds
For documentation on this error, please visit: http://seleniumhq.org/exceptions/no_such_element.html
Build info: version: &apos;2.53.1&apos;, revision: &apos;a36b8b1cd5757287168e54b817830adce9b0158d&apos;, time: &apos;2016-06-30 19:26:09&apos;
System info: host: &apos;TSLC1081&apos;, ip: &apos;192.168.160.17&apos;, os.name: &apos;Windows 10&apos;, os.arch: &apos;amd64&apos;, os.version: &apos;10.0&apos;, java.version: &apos;1.8.0_121&apos;
Driver info: org.openqa.selenium.firefox.FirefoxDriver
Capabilities [{applicationCacheEnabled=true, rotatable=false, handlesAlerts=true, databaseEnabled=true, version=47.0.2, platform=WINDOWS, nativeEvents=false, acceptSslCerts=true, webStorageEnabled=true, locationContextEnabled=true, browserName=firefox, takesScreenshot=true, javascriptEnabled=true, cssSelectorsEnabled=true}]
Session ID: d7061433-ba5d-4958-91bc-59280651ebfe
*** Element info: {Using=xpath, value=//*[@id=&apos;txtUsername&apos;]}
	at org.openqa.selenium.remote.ErrorHandler.createThrowable(ErrorHandler.java:206)
	at org.openqa.selenium.remote.ErrorHandler.throwIfResponseFailed(ErrorHandler.java:158)
	at org.openqa.selenium.remote.RemoteWebDriver.execute(RemoteWebDriver.java:678)
	at org.openqa.selenium.remote.RemoteWebDriver.findElement(RemoteWebDriver.java:363)
	at org.openqa.selenium.remote.RemoteWebDriver.findElementByXPath(RemoteWebDriver.java:500)
	at org.openqa.selenium.By$ByXPath.findElement(By.java:361)
	at org.openqa.selenium.remote.RemoteWebDriver.findElement(RemoteWebDriver.java:355)
	at org.openqa.selenium.support.pagefactory.DefaultElementLocator.findElement(DefaultElementLocator.java:69)
	at org.openqa.selenium.support.pagefactory.internal.LocatingElementHandler.invoke(LocatingElementHandler.java:38)
	at com.sun.proxy.$Proxy11.sendKeys(Unknown Source)
	at com.raptor.pages.LoginPage.login(LoginPage.java:36)
	at com.raptor.base.TestBase.login(TestBase.java:104)
Caused by: org.openqa.selenium.NoSuchElementException: Unable to locate element: {&quot;method&quot;:&quot;xpath&quot;,&quot;selector&quot;:&quot;//*[@id=&apos;txtUsername&apos;]&quot;}
For documentation on this error, please visit: http://seleniumhq.org/exceptions/no_such_element.html
Build info: version: &apos;2.53.1&apos;, revision: &apos;a36b8b1cd5757287168e54b817830adce9b0158d&apos;, time: &apos;2016-06-30 19:26:09&apos;
System info: host: &apos;TSLC1081&apos;, ip: &apos;192.168.160.17&apos;, os.name: &apos;Windows 10&apos;, os.arch: &apos;amd64&apos;, os.version: &apos;10.0&apos;, java.version: &apos;1.8.0_121&apos;
Driver info: driver.version: unknown
	at &lt;anonymous class&gt;.FirefoxDriver.prototype.findElementInternal_(file:///C:/Users/shakti_p/AppData/Local/Temp/anonymous7564937840581316091webdriver-profile/extensions/fxdriver@googlecode.com/components/driver-component.js:10770)
	at &lt;anonymous class&gt;.fxdriver.Timer.prototype.setTimeout/&lt;.notify(file:///C:/Users/shakti_p/AppData/Local/Temp/anonymous7564937840581316091webdriver-profile/extensions/fxdriver@googlecode.com/components/driver-component.js:625)
... Removed 26 stack frames</div></td></tr></table><p class="totop"><a href="#summary">back to summary</a></p><h3 id="m57">com.raptor.testcases.SearchVolunteerTest#advancedSearch_Student</h3><table class="result"><tr class="param"><th>Parameter #1</th></tr><tr class="param stripe"><td>{RowNum=98, AdvStartDate=08/02/2015, AdvSortBy=First Name, AdvSortOrder=Descending, AdvSearchTextBox=s, AdvSearchTerm=First Name, RunMode=Y, AdvSearchCriteria=contains, AdvEndDate=02/12/2016}</td></tr></table><p class="totop"><a href="#summary">back to summary</a></p><h3 id="m58">com.raptor.testcases.SearchVolunteerTest#basicSearch_Student</h3><table class="result"><tr class="param"><th>Parameter #1</th></tr><tr class="param stripe"><td>{SearchStartDate=02/01/2015, SearchEndDate=02/12/2016, RunMode=Y, RowNum=93, VolunteerName=shakti}</td></tr></table><p class="totop"><a href="#summary">back to summary</a></p><h2>Volunteer Reports Test</h2><h3 id="m59">com.raptor.testcases.VolunteerReportsTest#logOut</h3><table class="result"><tr><th>Exception</th></tr><tr><td><div class="stacktrace">org.openqa.selenium.WebDriverException: Element is not clickable at point (642, 29). Other element would receive the click: &lt;div class=&quot;ModalBackground&quot; style=&quot;position: fixed; left: 0px; top: 0px; z-index: 10000; width: 1366px; height: 659px;&quot; id=&quot;BehaveQuick_backgroundElement&quot;&gt;&lt;/div&gt;
Command duration or timeout: 66 milliseconds
Build info: version: &apos;2.53.1&apos;, revision: &apos;a36b8b1cd5757287168e54b817830adce9b0158d&apos;, time: &apos;2016-06-30 19:26:09&apos;
System info: host: &apos;TSLC1081&apos;, ip: &apos;192.168.160.17&apos;, os.name: &apos;Windows 10&apos;, os.arch: &apos;amd64&apos;, os.version: &apos;10.0&apos;, java.version: &apos;1.8.0_121&apos;
Driver info: org.openqa.selenium.firefox.FirefoxDriver
Capabilities [{applicationCacheEnabled=true, rotatable=false, handlesAlerts=true, databaseEnabled=true, version=47.0.2, platform=WINDOWS, nativeEvents=false, acceptSslCerts=true, webStorageEnabled=true, locationContextEnabled=true, browserName=firefox, takesScreenshot=true, javascriptEnabled=true, cssSelectorsEnabled=true}]
Session ID: d7061433-ba5d-4958-91bc-59280651ebfe
	at org.openqa.selenium.remote.ErrorHandler.createThrowable(ErrorHandler.java:206)
	at org.openqa.selenium.remote.ErrorHandler.throwIfResponseFailed(ErrorHandler.java:158)
	at org.openqa.selenium.remote.RemoteWebDriver.execute(RemoteWebDriver.java:678)
	at org.openqa.selenium.remote.RemoteWebElement.execute(RemoteWebElement.java:327)
	at org.openqa.selenium.remote.RemoteWebElement.click(RemoteWebElement.java:85)
	at com.raptor.base.TestBase.logOut(TestBase.java:134)
... Removed 24 stack frames</div></td></tr></table><p class="totop"><a href="#summary">back to summary</a></p><h3 id="m60">com.raptor.testcases.VolunteerReportsTest#login</h3><table class="result"><tr><th>Exception</th></tr><tr><td><div class="stacktrace">org.openqa.selenium.NoSuchElementException: Unable to locate element: {&quot;method&quot;:&quot;xpath&quot;,&quot;selector&quot;:&quot;//*[@id=&apos;txtUsername&apos;]&quot;}
Command duration or timeout: 30.03 seconds
For documentation on this error, please visit: http://seleniumhq.org/exceptions/no_such_element.html
Build info: version: &apos;2.53.1&apos;, revision: &apos;a36b8b1cd5757287168e54b817830adce9b0158d&apos;, time: &apos;2016-06-30 19:26:09&apos;
System info: host: &apos;TSLC1081&apos;, ip: &apos;192.168.160.17&apos;, os.name: &apos;Windows 10&apos;, os.arch: &apos;amd64&apos;, os.version: &apos;10.0&apos;, java.version: &apos;1.8.0_121&apos;
Driver info: org.openqa.selenium.firefox.FirefoxDriver
Capabilities [{applicationCacheEnabled=true, rotatable=false, handlesAlerts=true, databaseEnabled=true, version=47.0.2, platform=WINDOWS, nativeEvents=false, acceptSslCerts=true, webStorageEnabled=true, locationContextEnabled=true, browserName=firefox, takesScreenshot=true, javascriptEnabled=true, cssSelectorsEnabled=true}]
Session ID: d7061433-ba5d-4958-91bc-59280651ebfe
*** Element info: {Using=xpath, value=//*[@id=&apos;txtUsername&apos;]}
	at org.openqa.selenium.remote.ErrorHandler.createThrowable(ErrorHandler.java:206)
	at org.openqa.selenium.remote.ErrorHandler.throwIfResponseFailed(ErrorHandler.java:158)
	at org.openqa.selenium.remote.RemoteWebDriver.execute(RemoteWebDriver.java:678)
	at org.openqa.selenium.remote.RemoteWebDriver.findElement(RemoteWebDriver.java:363)
	at org.openqa.selenium.remote.RemoteWebDriver.findElementByXPath(RemoteWebDriver.java:500)
	at org.openqa.selenium.By$ByXPath.findElement(By.java:361)
	at org.openqa.selenium.remote.RemoteWebDriver.findElement(RemoteWebDriver.java:355)
	at org.openqa.selenium.support.pagefactory.DefaultElementLocator.findElement(DefaultElementLocator.java:69)
	at org.openqa.selenium.support.pagefactory.internal.LocatingElementHandler.invoke(LocatingElementHandler.java:38)
	at com.sun.proxy.$Proxy11.sendKeys(Unknown Source)
	at com.raptor.pages.LoginPage.login(LoginPage.java:36)
	at com.raptor.base.TestBase.login(TestBase.java:104)
Caused by: org.openqa.selenium.NoSuchElementException: Unable to locate element: {&quot;method&quot;:&quot;xpath&quot;,&quot;selector&quot;:&quot;//*[@id=&apos;txtUsername&apos;]&quot;}
For documentation on this error, please visit: http://seleniumhq.org/exceptions/no_such_element.html
Build info: version: &apos;2.53.1&apos;, revision: &apos;a36b8b1cd5757287168e54b817830adce9b0158d&apos;, time: &apos;2016-06-30 19:26:09&apos;
System info: host: &apos;TSLC1081&apos;, ip: &apos;192.168.160.17&apos;, os.name: &apos;Windows 10&apos;, os.arch: &apos;amd64&apos;, os.version: &apos;10.0&apos;, java.version: &apos;1.8.0_121&apos;
Driver info: driver.version: unknown
	at &lt;anonymous class&gt;.FirefoxDriver.prototype.findElementInternal_(file:///C:/Users/shakti_p/AppData/Local/Temp/anonymous7564937840581316091webdriver-profile/extensions/fxdriver@googlecode.com/components/driver-component.js:10770)
	at &lt;anonymous class&gt;.fxdriver.Timer.prototype.setTimeout/&lt;.notify(file:///C:/Users/shakti_p/AppData/Local/Temp/anonymous7564937840581316091webdriver-profile/extensions/fxdriver@googlecode.com/components/driver-component.js:625)
... Removed 24 stack frames</div></td></tr></table><p class="totop"><a href="#summary">back to summary</a></p><h3 id="m61">com.raptor.testcases.VolunteerReportsTest#Report_WhoIsInTheBuilding_Volunteer</h3><table class="result"></table><p class="totop"><a href="#summary">back to summary</a></p><h3 id="m62">com.raptor.testcases.VolunteerReportsTest#VolunteerSignInByDateReport</h3><table class="result"><tr class="param"><th>Parameter #1</th></tr><tr class="param stripe"><td>{signInVisitorManually=RunMode, RowNum=2}</td></tr></table><p class="totop"><a href="#summary">back to summary</a></p><h3 id="m63">com.raptor.testcases.VolunteerReportsTest#VolunteerSignInByDateReport</h3><table class="result"><tr class="param"><th>Parameter #1</th></tr><tr class="param stripe"><td>{signInVisitorManually=Y, RowNum=3}</td></tr></table><p class="totop"><a href="#summary">back to summary</a></p></body></html>