<?xml version="1.0" encoding="UTF-8"?>
<!-- Generated by org.testng.reporters.JUnitXMLReporter -->
<testsuite hostname="TSLC1081" name="Search Volunteer Test" tests="2" failures="0" timestamp="16 May 2017 08:47:59 GMT" time="30.174" errors="0">
  <testcase name="@BeforeTest login" time="0.0" classname="com.raptor.testcases.SearchVolunteerTest">
    <failure type="org.openqa.selenium.NoSuchElementException" message="Unable to locate element: {&amp;quot;method&amp;quot;:&amp;quot;xpath&amp;quot;,&amp;quot;selector&amp;quot;:&amp;quot;//*[@id=&amp;apos;txtUsername&amp;apos;]&amp;quot;}
Command duration or timeout: 30.06 seconds
For documentation on this error, please visit: http://seleniumhq.org/exceptions/no_such_element.html
Build info: version: &amp;apos;2.53.1&amp;apos;, revision: &amp;apos;a36b8b1cd5757287168e54b817830adce9b0158d&amp;apos;, time: &amp;apos;2016-06-30 19:26:09&amp;apos;
System info: host: &amp;apos;TSLC1081&amp;apos;, ip: &amp;apos;192.168.160.17&amp;apos;, os.name: &amp;apos;Windows 10&amp;apos;, os.arch: &amp;apos;amd64&amp;apos;, os.version: &amp;apos;10.0&amp;apos;, java.version: &amp;apos;1.8.0_121&amp;apos;
Driver info: org.openqa.selenium.firefox.FirefoxDriver
Capabilities [{applicationCacheEnabled=true, rotatable=false, handlesAlerts=true, databaseEnabled=true, version=47.0.2, platform=WINDOWS, nativeEvents=false, acceptSslCerts=true, webStorageEnabled=true, locationContextEnabled=true, browserName=firefox, takesScreenshot=true, javascriptEnabled=true, cssSelectorsEnabled=true}]
Session ID: d7061433-ba5d-4958-91bc-59280651ebfe
*** Element info: {Using=xpath, value=//*[@id=&amp;apos;txtUsername&amp;apos;]}">
      <![CDATA[org.openqa.selenium.NoSuchElementException: Unable to locate element: {"method":"xpath","selector":"//*[@id='txtUsername']"}
Command duration or timeout: 30.06 seconds
For documentation on this error, please visit: http://seleniumhq.org/exceptions/no_such_element.html
Build info: version: '2.53.1', revision: 'a36b8b1cd5757287168e54b817830adce9b0158d', time: '2016-06-30 19:26:09'
System info: host: 'TSLC1081', ip: '192.168.160.17', os.name: 'Windows 10', os.arch: 'amd64', os.version: '10.0', java.version: '1.8.0_121'
Driver info: org.openqa.selenium.firefox.FirefoxDriver
Capabilities [{applicationCacheEnabled=true, rotatable=false, handlesAlerts=true, databaseEnabled=true, version=47.0.2, platform=WINDOWS, nativeEvents=false, acceptSslCerts=true, webStorageEnabled=true, locationContextEnabled=true, browserName=firefox, takesScreenshot=true, javascriptEnabled=true, cssSelectorsEnabled=true}]
Session ID: d7061433-ba5d-4958-91bc-59280651ebfe
*** Element info: {Using=xpath, value=//*[@id='txtUsername']}
	at org.openqa.selenium.remote.ErrorHandler.createThrowable(ErrorHandler.java:206)
	at org.openqa.selenium.remote.ErrorHandler.throwIfResponseFailed(ErrorHandler.java:158)
	at org.openqa.selenium.remote.RemoteWebDriver.execute(RemoteWebDriver.java:678)
	at org.openqa.selenium.remote.RemoteWebDriver.findElement(RemoteWebDriver.java:363)
	at org.openqa.selenium.remote.RemoteWebDriver.findElementByXPath(RemoteWebDriver.java:500)
	at org.openqa.selenium.By$ByXPath.findElement(By.java:361)
	at org.openqa.selenium.remote.RemoteWebDriver.findElement(RemoteWebDriver.java:355)
	at org.openqa.selenium.support.pagefactory.DefaultElementLocator.findElement(DefaultElementLocator.java:69)
	at org.openqa.selenium.support.pagefactory.internal.LocatingElementHandler.invoke(LocatingElementHandler.java:38)
	at com.sun.proxy.$Proxy11.sendKeys(Unknown Source)
	at com.raptor.pages.LoginPage.login(LoginPage.java:36)
	at com.raptor.base.TestBase.login(TestBase.java:104)
Caused by: org.openqa.selenium.NoSuchElementException: Unable to locate element: {"method":"xpath","selector":"//*[@id='txtUsername']"}
For documentation on this error, please visit: http://seleniumhq.org/exceptions/no_such_element.html
Build info: version: '2.53.1', revision: 'a36b8b1cd5757287168e54b817830adce9b0158d', time: '2016-06-30 19:26:09'
System info: host: 'TSLC1081', ip: '192.168.160.17', os.name: 'Windows 10', os.arch: 'amd64', os.version: '10.0', java.version: '1.8.0_121'
Driver info: driver.version: unknown
	at <anonymous class>.FirefoxDriver.prototype.findElementInternal_(file:///C:/Users/shakti_p/AppData/Local/Temp/anonymous7564937840581316091webdriver-profile/extensions/fxdriver@googlecode.com/components/driver-component.js:10770)
	at <anonymous class>.fxdriver.Timer.prototype.setTimeout/<.notify(file:///C:/Users/shakti_p/AppData/Local/Temp/anonymous7564937840581316091webdriver-profile/extensions/fxdriver@googlecode.com/components/driver-component.js:625)
... Removed 26 stack frames]]>
    </failure>
  </testcase> <!-- @BeforeTest login -->
  <testcase name="@AfterTest logOut" time="0.0" classname="com.raptor.testcases.SearchVolunteerTest">
    <failure type="org.openqa.selenium.WebDriverException" message="Element is not clickable at point (642, 29). Other element would receive the click: &amp;lt;div class=&amp;quot;ModalBackground&amp;quot; style=&amp;quot;position: fixed; left: 0px; top: 0px; z-index: 10000; width: 1366px; height: 659px;&amp;quot; id=&amp;quot;BehaveQuick_backgroundElement&amp;quot;&amp;gt;&amp;lt;/div&amp;gt;
Command duration or timeout: 66 milliseconds
Build info: version: &amp;apos;2.53.1&amp;apos;, revision: &amp;apos;a36b8b1cd5757287168e54b817830adce9b0158d&amp;apos;, time: &amp;apos;2016-06-30 19:26:09&amp;apos;
System info: host: &amp;apos;TSLC1081&amp;apos;, ip: &amp;apos;192.168.160.17&amp;apos;, os.name: &amp;apos;Windows 10&amp;apos;, os.arch: &amp;apos;amd64&amp;apos;, os.version: &amp;apos;10.0&amp;apos;, java.version: &amp;apos;1.8.0_121&amp;apos;
Driver info: org.openqa.selenium.firefox.FirefoxDriver
Capabilities [{applicationCacheEnabled=true, rotatable=false, handlesAlerts=true, databaseEnabled=true, version=47.0.2, platform=WINDOWS, nativeEvents=false, acceptSslCerts=true, webStorageEnabled=true, locationContextEnabled=true, browserName=firefox, takesScreenshot=true, javascriptEnabled=true, cssSelectorsEnabled=true}]
Session ID: d7061433-ba5d-4958-91bc-59280651ebfe">
      <![CDATA[org.openqa.selenium.WebDriverException: Element is not clickable at point (642, 29). Other element would receive the click: <div class="ModalBackground" style="position: fixed; left: 0px; top: 0px; z-index: 10000; width: 1366px; height: 659px;" id="BehaveQuick_backgroundElement"></div>
Command duration or timeout: 66 milliseconds
Build info: version: '2.53.1', revision: 'a36b8b1cd5757287168e54b817830adce9b0158d', time: '2016-06-30 19:26:09'
System info: host: 'TSLC1081', ip: '192.168.160.17', os.name: 'Windows 10', os.arch: 'amd64', os.version: '10.0', java.version: '1.8.0_121'
Driver info: org.openqa.selenium.firefox.FirefoxDriver
Capabilities [{applicationCacheEnabled=true, rotatable=false, handlesAlerts=true, databaseEnabled=true, version=47.0.2, platform=WINDOWS, nativeEvents=false, acceptSslCerts=true, webStorageEnabled=true, locationContextEnabled=true, browserName=firefox, takesScreenshot=true, javascriptEnabled=true, cssSelectorsEnabled=true}]
Session ID: d7061433-ba5d-4958-91bc-59280651ebfe
	at org.openqa.selenium.remote.ErrorHandler.createThrowable(ErrorHandler.java:206)
	at org.openqa.selenium.remote.ErrorHandler.throwIfResponseFailed(ErrorHandler.java:158)
	at org.openqa.selenium.remote.RemoteWebDriver.execute(RemoteWebDriver.java:678)
	at org.openqa.selenium.remote.RemoteWebElement.execute(RemoteWebElement.java:327)
	at org.openqa.selenium.remote.RemoteWebElement.click(RemoteWebElement.java:85)
	at com.raptor.base.TestBase.logOut(TestBase.java:134)
... Removed 25 stack frames]]>
    </failure>
  </testcase> <!-- @AfterTest logOut -->
  <testcase name="basicSearch_Student" time="0.0" classname="com.raptor.testcases.SearchVolunteerTest">
    <skipped/>
  </testcase> <!-- basicSearch_Student -->
  <testcase name="advancedSearch_Student" time="0.001" classname="com.raptor.testcases.SearchVolunteerTest">
    <skipped/>
  </testcase> <!-- advancedSearch_Student -->
</testsuite> <!-- Search Volunteer Test -->
