<?xml version="1.0" encoding="UTF-8"?>
<!-- Generated by org.testng.reporters.JUnitXMLReporter -->
<testsuite hostname="TSLC1081" name="Visitor Sign In Test" tests="2" failures="1" timestamp="21 Dec 2017 12:29:03 GMT" time="198.128" errors="0">
  <testcase name="signInVisitorManually" time="83.018" classname="com.raptor.testcases.Visitor_SignIn_Test"/>
  <testcase name="signInVisitorByQuickFind" time="70.386" classname="com.raptor.testcases.Visitor_SignIn_Test">
    <failure type="java.lang.AssertionError" message="null">
      <![CDATA[java.lang.AssertionError: null
	at com.raptor.testcases.Visitor_SignIn_Test.signInVisitorByQuickFind(Visitor_SignIn_Test.java:102)
... Removed 26 stack frames]]>
    </failure>
  </testcase> <!-- signInVisitorByQuickFind -->
</testsuite> <!-- Visitor Sign In Test -->
